TpTrace Verbose: 0 : 26840, 1, 2023/01/18, 09:23:18.875, 1170581477343, vstest.console.dll, Version: 17.4.0-release-20221019-01 Current process architecture: X64
TpTrace Verbose: 0 : 26840, 1, 2023/01/18, 09:23:18.878, 1170581501821, vstest.console.dll, Runtime location: C:\Program Files\dotnet\shared\Microsoft.NETCore.App\7.0.0
TpTrace Verbose: 0 : 26840, 1, 2023/01/18, 09:23:18.885, 1170581571730, vstest.console.dll, ArtifactProcessingPostProcessModeProcessorExecutor.Initialize: ArtifactProcessingMode.Collect
TpTrace Verbose: 0 : 26840, 1, 2023/01/18, 09:23:18.885, 1170581574194, vstest.console.dll, TestSessionCorrelationIdProcessorModeProcessorExecutor.Initialize: TestSessionCorrelationId '20848_483eb55d-c70a-4b59-acb1-fbad60608628'
TpTrace Information: 0 : 26840, 1, 2023/01/18, 09:23:18.896, 1170581687639, vstest.console.dll, FilePatternParser: The given file C:\Users\CarlosGamboa\Development\apps\feedback-tracker\FeedbackTracker.Domain\FeedbackTracker.DomainTest\bin\Debug\net7.0\fine-code-coverage\build-output\FeedbackTracker.DomainTest.dll is a full path.
TpTrace Verbose: 0 : 26840, 1, 2023/01/18, 09:23:18.908, 1170581805520, vstest.console.dll, TestPluginCache.DiscoverTestExtensions: finding test extensions in assemblies ends with: RuntimeProvider.dll TPluginInfo: Microsoft.VisualStudio.TestPlatform.Common.ExtensionFramework.Utilities.TestRuntimePluginInformation TExtension: Microsoft.VisualStudio.TestPlatform.ObjectModel.Host.ITestRuntimeProvider
TpTrace Verbose: 0 : 26840, 1, 2023/01/18, 09:23:18.908, 1170581809195, vstest.console.dll, TestPluginCache.GetExtensionPaths: Filtered extension paths: 
TpTrace Verbose: 0 : 26840, 1, 2023/01/18, 09:23:18.909, 1170581810271, vstest.console.dll, TestPluginCache.GetExtensionPaths: Added default extension paths: C:\Program Files\dotnet\sdk\7.0.100\Extensions\Microsoft.Diagnostics.NETCore.Client.dll
C:\Program Files\dotnet\sdk\7.0.100\Extensions\Microsoft.TestPlatform.Extensions.BlameDataCollector.dll
C:\Program Files\dotnet\sdk\7.0.100\Extensions\Microsoft.TestPlatform.Extensions.EventLogCollector.dll
C:\Program Files\dotnet\sdk\7.0.100\Extensions\Microsoft.TestPlatform.TestHostRuntimeProvider.dll
C:\Program Files\dotnet\sdk\7.0.100\Extensions\Microsoft.VisualStudio.TestPlatform.Extensions.Html.TestLogger.dll
C:\Program Files\dotnet\sdk\7.0.100\Extensions\Microsoft.VisualStudio.TestPlatform.Extensions.Trx.TestLogger.dll
TpTrace Verbose: 0 : 26840, 1, 2023/01/18, 09:23:18.909, 1170581810838, vstest.console.dll, TestPluginCache.GetExtensionPaths: Added unfilterableExtensionPaths: 
TpTrace Information: 0 : 26840, 1, 2023/01/18, 09:23:18.909, 1170581819151, vstest.console.dll, AssemblyResolver.ctor: Creating AssemblyResolver with searchDirectories C:\Program Files\dotnet\sdk\7.0.100\Extensions,C:\Program Files\dotnet\sdk\7.0.100
TpTrace Verbose: 0 : 26840, 1, 2023/01/18, 09:23:18.911, 1170581833494, vstest.console.dll, TestPluginCache.DiscoverTestExtensions: Discovering the extensions using extension path.
TpTrace Verbose: 0 : 26840, 1, 2023/01/18, 09:23:18.911, 1170581835934, vstest.console.dll, TestPluginCache.GetExtensionPaths: Filtered extension paths: 
TpTrace Verbose: 0 : 26840, 1, 2023/01/18, 09:23:18.911, 1170581836541, vstest.console.dll, TestPluginCache.GetExtensionPaths: Added default extension paths: C:\Program Files\dotnet\sdk\7.0.100\Extensions\Microsoft.Diagnostics.NETCore.Client.dll
C:\Program Files\dotnet\sdk\7.0.100\Extensions\Microsoft.TestPlatform.Extensions.BlameDataCollector.dll
C:\Program Files\dotnet\sdk\7.0.100\Extensions\Microsoft.TestPlatform.Extensions.EventLogCollector.dll
C:\Program Files\dotnet\sdk\7.0.100\Extensions\Microsoft.TestPlatform.TestHostRuntimeProvider.dll
C:\Program Files\dotnet\sdk\7.0.100\Extensions\Microsoft.VisualStudio.TestPlatform.Extensions.Html.TestLogger.dll
C:\Program Files\dotnet\sdk\7.0.100\Extensions\Microsoft.VisualStudio.TestPlatform.Extensions.Trx.TestLogger.dll
TpTrace Verbose: 0 : 26840, 1, 2023/01/18, 09:23:18.911, 1170581837114, vstest.console.dll, TestPluginCache.GetExtensionPaths: Added unfilterableExtensionPaths: 
TpTrace Verbose: 0 : 26840, 1, 2023/01/18, 09:23:18.911, 1170581838821, vstest.console.dll, TestPluginCache.DiscoverTestExtensions: Discovering the extensions using allExtensionPaths: C:\Program Files\dotnet\sdk\7.0.100\Extensions\Microsoft.Diagnostics.NETCore.Client.dll
C:\Program Files\dotnet\sdk\7.0.100\Extensions\Microsoft.TestPlatform.Extensions.BlameDataCollector.dll
C:\Program Files\dotnet\sdk\7.0.100\Extensions\Microsoft.TestPlatform.Extensions.EventLogCollector.dll
C:\Program Files\dotnet\sdk\7.0.100\Extensions\Microsoft.TestPlatform.TestHostRuntimeProvider.dll
C:\Program Files\dotnet\sdk\7.0.100\Extensions\Microsoft.VisualStudio.TestPlatform.Extensions.Html.TestLogger.dll
C:\Program Files\dotnet\sdk\7.0.100\Extensions\Microsoft.VisualStudio.TestPlatform.Extensions.Trx.TestLogger.dll
TpTrace Information: 0 : 26840, 1, 2023/01/18, 09:23:18.912, 1170581840284, vstest.console.dll, AssemblyResolver.AddSearchDirectories: Adding more searchDirectories C:\Program Files\dotnet\sdk\7.0.100\Extensions,C:\Program Files\dotnet\sdk\7.0.100
TpTrace Information: 0 : 26840, 1, 2023/01/18, 09:23:18.912, 1170581840993, vstest.console.dll, AssemblyResolver.AddSearchDirectories: Adding more searchDirectories C:\Program Files\dotnet\sdk\7.0.100\Extensions,C:\Program Files\dotnet\sdk\7.0.100
TpTrace Information: 0 : 26840, 1, 2023/01/18, 09:23:18.912, 1170581841377, vstest.console.dll, AssemblyResolver.AddSearchDirectories: Adding more searchDirectories C:\Program Files\dotnet\sdk\7.0.100\Extensions,C:\Program Files\dotnet\sdk\7.0.100
TpTrace Information: 0 : 26840, 1, 2023/01/18, 09:23:18.912, 1170581841811, vstest.console.dll, AssemblyResolver.AddSearchDirectories: Adding more searchDirectories C:\Program Files\dotnet\sdk\7.0.100\Extensions,C:\Program Files\dotnet\sdk\7.0.100
TpTrace Information: 0 : 26840, 1, 2023/01/18, 09:23:18.912, 1170581842326, vstest.console.dll, AssemblyResolver.AddSearchDirectories: Adding more searchDirectories C:\Program Files\dotnet\sdk\7.0.100\Extensions,C:\Program Files\dotnet\sdk\7.0.100
TpTrace Information: 0 : 26840, 1, 2023/01/18, 09:23:18.912, 1170581842667, vstest.console.dll, AssemblyResolver.AddSearchDirectories: Adding more searchDirectories C:\Program Files\dotnet\sdk\7.0.100\Extensions,C:\Program Files\dotnet\sdk\7.0.100
TpTrace Information: 0 : 26840, 1, 2023/01/18, 09:23:18.912, 1170581847423, vstest.console.dll, AssemblyResolver.OnResolve: Microsoft.Diagnostics.NETCore.Client: Resolving assembly.
TpTrace Information: 0 : 26840, 1, 2023/01/18, 09:23:18.912, 1170581848256, vstest.console.dll, AssemblyResolver.OnResolve: Microsoft.Diagnostics.NETCore.Client: Searching in: 'C:\Program Files\dotnet\sdk\7.0.100\Extensions'.
TpTrace Information: 0 : 26840, 1, 2023/01/18, 09:23:18.923, 1170581953681, vstest.console.dll, AssemblyResolver.OnResolve: Microsoft.Diagnostics.NETCore.Client: Loading assembly 'C:\Program Files\dotnet\sdk\7.0.100\Extensions\Microsoft.Diagnostics.NETCore.Client.dll'.
TpTrace Information: 0 : 26840, 1, 2023/01/18, 09:23:18.925, 1170581978524, vstest.console.dll, AssemblyResolver.OnResolve: Resolved assembly: Microsoft.Diagnostics.NETCore.Client, from path: C:\Program Files\dotnet\sdk\7.0.100\Extensions\Microsoft.Diagnostics.NETCore.Client.dll
TpTrace Verbose: 0 : 26840, 1, 2023/01/18, 09:23:18.927, 1170581994537, vstest.console.dll, MetadataReaderExtensionsHelper: Discovering extensions inside assembly 'Microsoft.Diagnostics.NETCore.Client, Version=0.2.6.42401, Culture=neutral, PublicKeyToken=31bf3856ad364e35' file path 'C:\Program Files\dotnet\sdk\7.0.100\Extensions\Microsoft.Diagnostics.NETCore.Client.dll'
TpTrace Information: 0 : 26840, 1, 2023/01/18, 09:23:18.932, 1170582045485, vstest.console.dll, AssemblyResolver.OnResolve: Microsoft.Bcl.AsyncInterfaces: Resolving assembly.
TpTrace Information: 0 : 26840, 1, 2023/01/18, 09:23:18.932, 1170582046536, vstest.console.dll, AssemblyResolver.OnResolve: Microsoft.Bcl.AsyncInterfaces: Searching in: 'C:\Program Files\dotnet\sdk\7.0.100\Extensions'.
TpTrace Information: 0 : 26840, 1, 2023/01/18, 09:23:18.932, 1170582047665, vstest.console.dll, AssemblyResolver.OnResolve: Microsoft.Bcl.AsyncInterfaces: Assembly path does not exist: 'C:\Program Files\dotnet\sdk\7.0.100\Extensions\Microsoft.Bcl.AsyncInterfaces.dll', returning.
TpTrace Information: 0 : 26840, 1, 2023/01/18, 09:23:18.932, 1170582048935, vstest.console.dll, AssemblyResolver.OnResolve: Microsoft.Bcl.AsyncInterfaces: Assembly path does not exist: 'C:\Program Files\dotnet\sdk\7.0.100\Extensions\Microsoft.Bcl.AsyncInterfaces.exe', returning.
TpTrace Information: 0 : 26840, 1, 2023/01/18, 09:23:18.932, 1170582049349, vstest.console.dll, AssemblyResolver.OnResolve: Microsoft.Bcl.AsyncInterfaces: Searching in: 'C:\Program Files\dotnet\sdk\7.0.100'.
TpTrace Information: 0 : 26840, 1, 2023/01/18, 09:23:18.932, 1170582050045, vstest.console.dll, AssemblyResolver.OnResolve: Microsoft.Bcl.AsyncInterfaces: Assembly path does not exist: 'C:\Program Files\dotnet\sdk\7.0.100\Microsoft.Bcl.AsyncInterfaces.dll', returning.
TpTrace Information: 0 : 26840, 1, 2023/01/18, 09:23:18.933, 1170582050603, vstest.console.dll, AssemblyResolver.OnResolve: Microsoft.Bcl.AsyncInterfaces: Assembly path does not exist: 'C:\Program Files\dotnet\sdk\7.0.100\Microsoft.Bcl.AsyncInterfaces.exe', returning.
TpTrace Information: 0 : 26840, 1, 2023/01/18, 09:23:18.933, 1170582051025, vstest.console.dll, AssemblyResolver.OnResolve: Microsoft.Bcl.AsyncInterfaces: Failed to load assembly.
TpTrace Verbose: 0 : 26840, 1, 2023/01/18, 09:23:18.933, 1170582051405, vstest.console.dll, CurrentDomainAssemblyResolve: Resolving assembly 'Microsoft.Bcl.AsyncInterfaces'.
TpTrace Information: 0 : 26840, 1, 2023/01/18, 09:23:18.933, 1170582052015, vstest.console.dll, AssemblyResolver.OnResolve: Microsoft.Bcl.AsyncInterfaces: Resolving assembly.
TpTrace Information: 0 : 26840, 1, 2023/01/18, 09:23:18.933, 1170582052613, vstest.console.dll, AssemblyResolver.OnResolve: Microsoft.Bcl.AsyncInterfaces: Resolved from cache.
TpTrace Verbose: 0 : 26840, 1, 2023/01/18, 09:23:18.933, 1170582052886, vstest.console.dll, CurrentDomainAssemblyResolve: Resolving assembly 'Microsoft.Bcl.AsyncInterfaces'.
TpTrace Verbose: 0 : 26840, 1, 2023/01/18, 09:23:18.933, 1170582053309, vstest.console.dll, CurrentDomainAssemblyResolve: Failed to resolve assembly 'Microsoft.Bcl.AsyncInterfaces'.
TpTrace Verbose: 0 : 26840, 1, 2023/01/18, 09:23:18.941, 1170582137391, vstest.console.dll, CurrentDomainAssemblyResolve: Failed to resolve assembly 'Microsoft.Bcl.AsyncInterfaces'.
TpTrace Warning: 0 : 26840, 1, 2023/01/18, 09:23:18.951, 1170582238090, vstest.console.dll, TestPluginDiscoverer: Failed to get types from assembly 'Microsoft.Diagnostics.NETCore.Client, Version=0.2.6.42401, Culture=neutral, PublicKeyToken=31bf3856ad364e35'. Error: System.Reflection.ReflectionTypeLoadException: Unable to load one or more of the requested types.
Could not load file or assembly 'Microsoft.Bcl.AsyncInterfaces, Version=1.0.0.0, Culture=neutral, PublicKeyToken=cc7b13ffcd2ddd51'. The system cannot find the file specified.
   at System.Reflection.RuntimeModule.GetTypes(RuntimeModule module)
   at System.Reflection.Assembly.GetTypes()
   at Microsoft.VisualStudio.TestPlatform.Common.ExtensionFramework.TestPluginDiscoverer.GetTestExtensionsFromAssembly[TPluginInfo,TExtension](Assembly assembly, Dictionary`2 pluginInfos, String filePath)
System.IO.FileNotFoundException: Could not load file or assembly 'Microsoft.Bcl.AsyncInterfaces, Version=1.0.0.0, Culture=neutral, PublicKeyToken=cc7b13ffcd2ddd51'. The system cannot find the file specified.
File name: 'Microsoft.Bcl.AsyncInterfaces, Version=1.0.0.0, Culture=neutral, PublicKeyToken=cc7b13ffcd2ddd51'
 ---> System.IO.FileNotFoundException: Could not load file or assembly 'Microsoft.Bcl.AsyncInterfaces, Culture=neutral, PublicKeyToken=null'. The system cannot find the file specified.
File name: 'Microsoft.Bcl.AsyncInterfaces, Culture=neutral, PublicKeyToken=null'
   at System.Reflection.RuntimeAssembly.InternalLoad(AssemblyName assemblyName, StackCrawlMark& stackMark, AssemblyLoadContext assemblyLoadContext, RuntimeAssembly requestingAssembly, Boolean throwOnFileNotFound)
   at System.Reflection.Assembly.Load(AssemblyName assemblyRef)
   at Microsoft.VisualStudio.TestPlatform.Common.ExtensionFramework.TestPluginCache.CurrentDomainAssemblyResolve(Object sender, AssemblyResolveEventArgs args)
   at System.Runtime.Loader.AssemblyLoadContext.GetFirstResolvedAssemblyFromResolvingEvent(AssemblyName assemblyName)
   at System.Runtime.Loader.AssemblyLoadContext.ResolveUsingEvent(AssemblyName assemblyName)
   at System.Runtime.Loader.AssemblyLoadContext.ResolveUsingResolvingEvent(IntPtr gchManagedAssemblyLoadContext, AssemblyName assemblyName)
TpTrace Warning: 0 : 26840, 1, 2023/01/18, 09:23:18.952, 1170582242631, vstest.console.dll, LoaderExceptions: System.IO.FileNotFoundException: Could not load file or assembly 'Microsoft.Bcl.AsyncInterfaces, Version=1.0.0.0, Culture=neutral, PublicKeyToken=cc7b13ffcd2ddd51'. The system cannot find the file specified.
File name: 'Microsoft.Bcl.AsyncInterfaces, Version=1.0.0.0, Culture=neutral, PublicKeyToken=cc7b13ffcd2ddd51'
 ---> System.IO.FileNotFoundException: Could not load file or assembly 'Microsoft.Bcl.AsyncInterfaces, Culture=neutral, PublicKeyToken=null'. The system cannot find the file specified.
File name: 'Microsoft.Bcl.AsyncInterfaces, Culture=neutral, PublicKeyToken=null'
   at System.Reflection.RuntimeAssembly.InternalLoad(AssemblyName assemblyName, StackCrawlMark& stackMark, AssemblyLoadContext assemblyLoadContext, RuntimeAssembly requestingAssembly, Boolean throwOnFileNotFound)
   at System.Reflection.Assembly.Load(AssemblyName assemblyRef)
   at Microsoft.VisualStudio.TestPlatform.Common.ExtensionFramework.TestPluginCache.CurrentDomainAssemblyResolve(Object sender, AssemblyResolveEventArgs args)
   at System.Runtime.Loader.AssemblyLoadContext.GetFirstResolvedAssemblyFromResolvingEvent(AssemblyName assemblyName)
   at System.Runtime.Loader.AssemblyLoadContext.ResolveUsingEvent(AssemblyName assemblyName)
   at System.Runtime.Loader.AssemblyLoadContext.ResolveUsingResolvingEvent(IntPtr gchManagedAssemblyLoadContext, AssemblyName assemblyName)
TpTrace Information: 0 : 26840, 1, 2023/01/18, 09:23:18.952, 1170582244676, vstest.console.dll, AssemblyResolver.OnResolve: Microsoft.TestPlatform.Extensions.BlameDataCollector: Resolving assembly.
TpTrace Information: 0 : 26840, 1, 2023/01/18, 09:23:18.952, 1170582245236, vstest.console.dll, AssemblyResolver.OnResolve: Microsoft.TestPlatform.Extensions.BlameDataCollector: Searching in: 'C:\Program Files\dotnet\sdk\7.0.100\Extensions'.
TpTrace Information: 0 : 26840, 1, 2023/01/18, 09:23:18.952, 1170582249198, vstest.console.dll, AssemblyResolver.OnResolve: Microsoft.TestPlatform.Extensions.BlameDataCollector: Loading assembly 'C:\Program Files\dotnet\sdk\7.0.100\Extensions\Microsoft.TestPlatform.Extensions.BlameDataCollector.dll'.
TpTrace Information: 0 : 26840, 1, 2023/01/18, 09:23:18.953, 1170582255120, vstest.console.dll, AssemblyResolver.OnResolve: Resolved assembly: Microsoft.TestPlatform.Extensions.BlameDataCollector, from path: C:\Program Files\dotnet\sdk\7.0.100\Extensions\Microsoft.TestPlatform.Extensions.BlameDataCollector.dll
TpTrace Verbose: 0 : 26840, 1, 2023/01/18, 09:23:18.953, 1170582256163, vstest.console.dll, MetadataReaderExtensionsHelper: Discovering extensions inside assembly 'Microsoft.TestPlatform.Extensions.BlameDataCollector, Version=15.0.0.0, Culture=neutral, PublicKeyToken=b03f5f7f11d50a3a' file path 'C:\Program Files\dotnet\sdk\7.0.100\Extensions\Microsoft.TestPlatform.Extensions.BlameDataCollector.dll'
TpTrace Information: 0 : 26840, 1, 2023/01/18, 09:23:18.955, 1170582273008, vstest.console.dll, AssemblyResolver.OnResolve: Microsoft.TestPlatform.Extensions.EventLogCollector: Resolving assembly.
TpTrace Information: 0 : 26840, 1, 2023/01/18, 09:23:18.955, 1170582273956, vstest.console.dll, AssemblyResolver.OnResolve: Microsoft.TestPlatform.Extensions.EventLogCollector: Searching in: 'C:\Program Files\dotnet\sdk\7.0.100\Extensions'.
TpTrace Information: 0 : 26840, 1, 2023/01/18, 09:23:18.955, 1170582277094, vstest.console.dll, AssemblyResolver.OnResolve: Microsoft.TestPlatform.Extensions.EventLogCollector: Loading assembly 'C:\Program Files\dotnet\sdk\7.0.100\Extensions\Microsoft.TestPlatform.Extensions.EventLogCollector.dll'.
TpTrace Information: 0 : 26840, 1, 2023/01/18, 09:23:18.956, 1170582285313, vstest.console.dll, AssemblyResolver.OnResolve: Resolved assembly: Microsoft.TestPlatform.Extensions.EventLogCollector, from path: C:\Program Files\dotnet\sdk\7.0.100\Extensions\Microsoft.TestPlatform.Extensions.EventLogCollector.dll
TpTrace Verbose: 0 : 26840, 1, 2023/01/18, 09:23:18.956, 1170582286185, vstest.console.dll, MetadataReaderExtensionsHelper: Discovering extensions inside assembly 'Microsoft.TestPlatform.Extensions.EventLogCollector, Version=15.0.0.0, Culture=neutral, PublicKeyToken=b03f5f7f11d50a3a' file path 'C:\Program Files\dotnet\sdk\7.0.100\Extensions\Microsoft.TestPlatform.Extensions.EventLogCollector.dll'
TpTrace Information: 0 : 26840, 1, 2023/01/18, 09:23:18.958, 1170582308452, vstest.console.dll, AssemblyResolver.OnResolve: Microsoft.TestPlatform.TestHostRuntimeProvider: Resolving assembly.
TpTrace Information: 0 : 26840, 1, 2023/01/18, 09:23:18.958, 1170582309554, vstest.console.dll, AssemblyResolver.OnResolve: Microsoft.TestPlatform.TestHostRuntimeProvider: Searching in: 'C:\Program Files\dotnet\sdk\7.0.100\Extensions'.
TpTrace Information: 0 : 26840, 1, 2023/01/18, 09:23:18.959, 1170582315734, vstest.console.dll, AssemblyResolver.OnResolve: Microsoft.TestPlatform.TestHostRuntimeProvider: Loading assembly 'C:\Program Files\dotnet\sdk\7.0.100\Extensions\Microsoft.TestPlatform.TestHostRuntimeProvider.dll'.
TpTrace Information: 0 : 26840, 1, 2023/01/18, 09:23:18.960, 1170582325815, vstest.console.dll, AssemblyResolver.OnResolve: Resolved assembly: Microsoft.TestPlatform.TestHostRuntimeProvider, from path: C:\Program Files\dotnet\sdk\7.0.100\Extensions\Microsoft.TestPlatform.TestHostRuntimeProvider.dll
TpTrace Verbose: 0 : 26840, 1, 2023/01/18, 09:23:18.960, 1170582326780, vstest.console.dll, MetadataReaderExtensionsHelper: Discovering extensions inside assembly 'Microsoft.TestPlatform.TestHostRuntimeProvider, Version=15.0.0.0, Culture=neutral, PublicKeyToken=b03f5f7f11d50a3a' file path 'C:\Program Files\dotnet\sdk\7.0.100\Extensions\Microsoft.TestPlatform.TestHostRuntimeProvider.dll'
TpTrace Information: 0 : 26840, 1, 2023/01/18, 09:23:18.962, 1170582347798, vstest.console.dll, GetTestExtensionFromType: Register extension with identifier data 'HostProvider://DefaultTestHost' and type 'Microsoft.VisualStudio.TestPlatform.CrossPlatEngine.Hosting.DefaultTestHostManager, Microsoft.TestPlatform.TestHostRuntimeProvider, Version=15.0.0.0, Culture=neutral, PublicKeyToken=b03f5f7f11d50a3a' inside file 'C:\Program Files\dotnet\sdk\7.0.100\Extensions\Microsoft.TestPlatform.TestHostRuntimeProvider.dll'
TpTrace Information: 0 : 26840, 1, 2023/01/18, 09:23:18.963, 1170582350780, vstest.console.dll, GetTestExtensionFromType: Register extension with identifier data 'HostProvider://DotnetTestHost' and type 'Microsoft.VisualStudio.TestPlatform.CrossPlatEngine.Hosting.DotnetTestHostManager, Microsoft.TestPlatform.TestHostRuntimeProvider, Version=15.0.0.0, Culture=neutral, PublicKeyToken=b03f5f7f11d50a3a' inside file 'C:\Program Files\dotnet\sdk\7.0.100\Extensions\Microsoft.TestPlatform.TestHostRuntimeProvider.dll'
TpTrace Information: 0 : 26840, 1, 2023/01/18, 09:23:18.963, 1170582351628, vstest.console.dll, AssemblyResolver.OnResolve: Microsoft.VisualStudio.TestPlatform.Extensions.Html.TestLogger: Resolving assembly.
TpTrace Information: 0 : 26840, 1, 2023/01/18, 09:23:18.963, 1170582352077, vstest.console.dll, AssemblyResolver.OnResolve: Microsoft.VisualStudio.TestPlatform.Extensions.Html.TestLogger: Searching in: 'C:\Program Files\dotnet\sdk\7.0.100\Extensions'.
TpTrace Information: 0 : 26840, 1, 2023/01/18, 09:23:18.964, 1170582360881, vstest.console.dll, AssemblyResolver.OnResolve: Microsoft.VisualStudio.TestPlatform.Extensions.Html.TestLogger: Loading assembly 'C:\Program Files\dotnet\sdk\7.0.100\Extensions\Microsoft.VisualStudio.TestPlatform.Extensions.Html.TestLogger.dll'.
TpTrace Information: 0 : 26840, 1, 2023/01/18, 09:23:18.965, 1170582370452, vstest.console.dll, AssemblyResolver.OnResolve: Resolved assembly: Microsoft.VisualStudio.TestPlatform.Extensions.Html.TestLogger, from path: C:\Program Files\dotnet\sdk\7.0.100\Extensions\Microsoft.VisualStudio.TestPlatform.Extensions.Html.TestLogger.dll
TpTrace Verbose: 0 : 26840, 1, 2023/01/18, 09:23:18.965, 1170582371988, vstest.console.dll, MetadataReaderExtensionsHelper: Discovering extensions inside assembly 'Microsoft.VisualStudio.TestPlatform.Extensions.Html.TestLogger, Version=15.0.0.0, Culture=neutral, PublicKeyToken=b03f5f7f11d50a3a' file path 'C:\Program Files\dotnet\sdk\7.0.100\Extensions\Microsoft.VisualStudio.TestPlatform.Extensions.Html.TestLogger.dll'
TpTrace Information: 0 : 26840, 1, 2023/01/18, 09:23:18.966, 1170582386300, vstest.console.dll, AssemblyResolver.OnResolve: Microsoft.VisualStudio.TestPlatform.Extensions.Trx.TestLogger: Resolving assembly.
TpTrace Information: 0 : 26840, 1, 2023/01/18, 09:23:18.966, 1170582387314, vstest.console.dll, AssemblyResolver.OnResolve: Microsoft.VisualStudio.TestPlatform.Extensions.Trx.TestLogger: Searching in: 'C:\Program Files\dotnet\sdk\7.0.100\Extensions'.
TpTrace Information: 0 : 26840, 1, 2023/01/18, 09:23:18.968, 1170582400408, vstest.console.dll, AssemblyResolver.OnResolve: Microsoft.VisualStudio.TestPlatform.Extensions.Trx.TestLogger: Loading assembly 'C:\Program Files\dotnet\sdk\7.0.100\Extensions\Microsoft.VisualStudio.TestPlatform.Extensions.Trx.TestLogger.dll'.
TpTrace Information: 0 : 26840, 1, 2023/01/18, 09:23:18.969, 1170582415382, vstest.console.dll, AssemblyResolver.OnResolve: Resolved assembly: Microsoft.VisualStudio.TestPlatform.Extensions.Trx.TestLogger, from path: C:\Program Files\dotnet\sdk\7.0.100\Extensions\Microsoft.VisualStudio.TestPlatform.Extensions.Trx.TestLogger.dll
TpTrace Verbose: 0 : 26840, 1, 2023/01/18, 09:23:18.969, 1170582416693, vstest.console.dll, MetadataReaderExtensionsHelper: Discovering extensions inside assembly 'Microsoft.VisualStudio.TestPlatform.Extensions.Trx.TestLogger, Version=15.0.0.0, Culture=neutral, PublicKeyToken=b03f5f7f11d50a3a' file path 'C:\Program Files\dotnet\sdk\7.0.100\Extensions\Microsoft.VisualStudio.TestPlatform.Extensions.Trx.TestLogger.dll'
TpTrace Verbose: 0 : 26840, 1, 2023/01/18, 09:23:18.971, 1170582439074, vstest.console.dll, TestPluginCache: Discovered the extensions using extension path ''.
TpTrace Verbose: 0 : 26840, 1, 2023/01/18, 09:23:18.972, 1170582440777, vstest.console.dll, TestPluginCache: Discoverers are ''.
TpTrace Verbose: 0 : 26840, 1, 2023/01/18, 09:23:18.972, 1170582441399, vstest.console.dll, TestPluginCache: Executors are ''.
TpTrace Verbose: 0 : 26840, 1, 2023/01/18, 09:23:18.972, 1170582441801, vstest.console.dll, TestPluginCache: Executors2 are ''.
TpTrace Verbose: 0 : 26840, 1, 2023/01/18, 09:23:18.972, 1170582442205, vstest.console.dll, TestPluginCache: Setting providers are ''.
TpTrace Verbose: 0 : 26840, 1, 2023/01/18, 09:23:18.972, 1170582442610, vstest.console.dll, TestPluginCache: Loggers are ''.
TpTrace Verbose: 0 : 26840, 1, 2023/01/18, 09:23:18.972, 1170582444014, vstest.console.dll, TestPluginCache: TestHosts are 'HostProvider://DefaultTestHost,HostProvider://DotnetTestHost'.
TpTrace Verbose: 0 : 26840, 1, 2023/01/18, 09:23:18.972, 1170582444561, vstest.console.dll, TestPluginCache: DataCollectors are ''.
TpTrace Information: 0 : 26840, 1, 2023/01/18, 09:23:18.989, 1170582618204, vstest.console.dll, RunTestsArgumentProcessor:Execute: Test run is starting.
TpTrace Verbose: 0 : 26840, 1, 2023/01/18, 09:23:18.989, 1170582619465, vstest.console.dll, RunTestsArgumentProcessor:Execute: Queuing Test run.
TpTrace Information: 0 : 26840, 1, 2023/01/18, 09:23:18.990, 1170582626145, vstest.console.dll, TestRequestManager.RunTests: run tests started.
TpTrace Information: 0 : 26840, 1, 2023/01/18, 09:23:18.992, 1170582644694, vstest.console.dll, AssemblyMetadataProvider.GetFrameworkName: Determined framework:'.NETCoreApp,Version=v7.0' for source: 'C:\Users\CarlosGamboa\Development\apps\feedback-tracker\FeedbackTracker.Domain\FeedbackTracker.DomainTest\bin\Debug\net7.0\fine-code-coverage\build-output\FeedbackTracker.DomainTest.dll'
TpTrace Information: 0 : 26840, 1, 2023/01/18, 09:23:18.992, 1170582646885, vstest.console.dll, Determined framework for all sources: .NETCoreApp,Version=v7.0
TpTrace Verbose: 0 : 26840, 1, 2023/01/18, 09:23:18.993, 1170582651633, vstest.console.dll, TestRequestManager.UpdateRunSettingsIfRequired: Default architecture: X64 IsDefaultTargetArchitecture: True, Current process architecture: X64 OperatingSystem: Windows.
TpTrace Information: 0 : 26840, 1, 2023/01/18, 09:23:18.995, 1170582670652, vstest.console.dll, AssemblyMetadataProvider.GetArchitecture: Determined architecture:AnyCPU info for assembly: C:\Users\CarlosGamboa\Development\apps\feedback-tracker\FeedbackTracker.Domain\FeedbackTracker.DomainTest\bin\Debug\net7.0\fine-code-coverage\build-output\FeedbackTracker.DomainTest.dll
TpTrace Information: 0 : 26840, 1, 2023/01/18, 09:23:18.995, 1170582671252, vstest.console.dll, Determined platform for source 'C:\Users\CarlosGamboa\Development\apps\feedback-tracker\FeedbackTracker.Domain\FeedbackTracker.DomainTest\bin\Debug\net7.0\fine-code-coverage\build-output\FeedbackTracker.DomainTest.dll' was AnyCPU and it will use the default plaform X64.
TpTrace Information: 0 : 26840, 1, 2023/01/18, 09:23:18.995, 1170582671531, vstest.console.dll, None of the sources provided any runnable platform, using the default platform: X64
TpTrace Information: 0 : 26840, 1, 2023/01/18, 09:23:18.995, 1170582672439, vstest.console.dll, Platform was updated to 'X64'.
TpTrace Information: 0 : 26840, 1, 2023/01/18, 09:23:19.001, 1170582732637, vstest.console.dll, InferRunSettingsHelper.IsTestSettingsEnabled: Unable to navigate to RunSettings/MSTest. Current node: RunSettings
TpTrace Information: 0 : 26840, 1, 2023/01/18, 09:23:19.002, 1170582743456, vstest.console.dll, AssemblyResolver.OnResolve: Microsoft.VisualStudio.TestPlatform.Fakes: Resolving assembly.
TpTrace Information: 0 : 26840, 1, 2023/01/18, 09:23:19.002, 1170582744420, vstest.console.dll, AssemblyResolver.OnResolve: Microsoft.VisualStudio.TestPlatform.Fakes: Searching in: 'C:\Program Files\dotnet\sdk\7.0.100\Extensions'.
TpTrace Information: 0 : 26840, 1, 2023/01/18, 09:23:19.002, 1170582745554, vstest.console.dll, AssemblyResolver.OnResolve: Microsoft.VisualStudio.TestPlatform.Fakes: Assembly path does not exist: 'C:\Program Files\dotnet\sdk\7.0.100\Extensions\Microsoft.VisualStudio.TestPlatform.Fakes.dll', returning.
TpTrace Information: 0 : 26840, 1, 2023/01/18, 09:23:19.002, 1170582746444, vstest.console.dll, AssemblyResolver.OnResolve: Microsoft.VisualStudio.TestPlatform.Fakes: Assembly path does not exist: 'C:\Program Files\dotnet\sdk\7.0.100\Extensions\Microsoft.VisualStudio.TestPlatform.Fakes.exe', returning.
TpTrace Information: 0 : 26840, 1, 2023/01/18, 09:23:19.002, 1170582746932, vstest.console.dll, AssemblyResolver.OnResolve: Microsoft.VisualStudio.TestPlatform.Fakes: Searching in: 'C:\Program Files\dotnet\sdk\7.0.100'.
TpTrace Information: 0 : 26840, 1, 2023/01/18, 09:23:19.002, 1170582747720, vstest.console.dll, AssemblyResolver.OnResolve: Microsoft.VisualStudio.TestPlatform.Fakes: Assembly path does not exist: 'C:\Program Files\dotnet\sdk\7.0.100\Microsoft.VisualStudio.TestPlatform.Fakes.dll', returning.
TpTrace Information: 0 : 26840, 1, 2023/01/18, 09:23:19.002, 1170582748437, vstest.console.dll, AssemblyResolver.OnResolve: Microsoft.VisualStudio.TestPlatform.Fakes: Assembly path does not exist: 'C:\Program Files\dotnet\sdk\7.0.100\Microsoft.VisualStudio.TestPlatform.Fakes.exe', returning.
TpTrace Information: 0 : 26840, 1, 2023/01/18, 09:23:19.002, 1170582748794, vstest.console.dll, AssemblyResolver.OnResolve: Microsoft.VisualStudio.TestPlatform.Fakes: Failed to load assembly.
TpTrace Information: 0 : 26840, 1, 2023/01/18, 09:23:19.003, 1170582751333, vstest.console.dll, Failed to load assembly Microsoft.VisualStudio.TestPlatform.Fakes, Version=17.0.0.0, Culture=neutral. Reason:System.IO.FileNotFoundException: Could not load file or assembly 'Microsoft.VisualStudio.TestPlatform.Fakes, Version=17.0.0.0, Culture=neutral, PublicKeyToken=null'. The system cannot find the file specified.
File name: 'Microsoft.VisualStudio.TestPlatform.Fakes, Version=17.0.0.0, Culture=neutral, PublicKeyToken=null'
   at System.Reflection.RuntimeAssembly.InternalLoad(AssemblyName assemblyName, StackCrawlMark& stackMark, AssemblyLoadContext assemblyLoadContext, RuntimeAssembly requestingAssembly, Boolean throwOnFileNotFound)
   at System.Reflection.Assembly.Load(AssemblyName assemblyRef)
   at Microsoft.VisualStudio.TestPlatform.Common.Utilities.FakesUtilities.LoadTestPlatformAssembly()
TpTrace Verbose: 0 : 26840, 1, 2023/01/18, 09:23:19.007, 1170582791532, vstest.console.dll, TestPluginCache.DiscoverTestExtensions: finding test extensions in assemblies ends with: TestLogger.dll TPluginInfo: Microsoft.VisualStudio.TestPlatform.Common.ExtensionFramework.Utilities.TestLoggerPluginInformation TExtension: Microsoft.VisualStudio.TestPlatform.ObjectModel.Client.ITestLogger
TpTrace Verbose: 0 : 26840, 1, 2023/01/18, 09:23:19.007, 1170582792495, vstest.console.dll, TestPluginCache.GetExtensionPaths: Filtered extension paths: 
TpTrace Verbose: 0 : 26840, 1, 2023/01/18, 09:23:19.007, 1170582792879, vstest.console.dll, TestPluginCache.GetExtensionPaths: Added default extension paths: C:\Program Files\dotnet\sdk\7.0.100\Extensions\Microsoft.Diagnostics.NETCore.Client.dll
C:\Program Files\dotnet\sdk\7.0.100\Extensions\Microsoft.TestPlatform.Extensions.BlameDataCollector.dll
C:\Program Files\dotnet\sdk\7.0.100\Extensions\Microsoft.TestPlatform.Extensions.EventLogCollector.dll
C:\Program Files\dotnet\sdk\7.0.100\Extensions\Microsoft.TestPlatform.TestHostRuntimeProvider.dll
C:\Program Files\dotnet\sdk\7.0.100\Extensions\Microsoft.VisualStudio.TestPlatform.Extensions.Html.TestLogger.dll
C:\Program Files\dotnet\sdk\7.0.100\Extensions\Microsoft.VisualStudio.TestPlatform.Extensions.Trx.TestLogger.dll
TpTrace Verbose: 0 : 26840, 1, 2023/01/18, 09:23:19.007, 1170582793290, vstest.console.dll, TestPluginCache.GetExtensionPaths: Added unfilterableExtensionPaths: 
TpTrace Information: 0 : 26840, 1, 2023/01/18, 09:23:19.007, 1170582795002, vstest.console.dll, AssemblyResolver.AddSearchDirectories: Adding more searchDirectories C:\Program Files\dotnet\sdk\7.0.100\Extensions,C:\Program Files\dotnet\sdk\7.0.100
TpTrace Verbose: 0 : 26840, 1, 2023/01/18, 09:23:19.007, 1170582795580, vstest.console.dll, TestPluginCache.DiscoverTestExtensions: Discovering the extensions using extension path.
TpTrace Verbose: 0 : 26840, 1, 2023/01/18, 09:23:19.007, 1170582796021, vstest.console.dll, TestPluginCache.GetExtensionPaths: Filtered extension paths: 
TpTrace Verbose: 0 : 26840, 1, 2023/01/18, 09:23:19.007, 1170582796303, vstest.console.dll, TestPluginCache.GetExtensionPaths: Added default extension paths: C:\Program Files\dotnet\sdk\7.0.100\Extensions\Microsoft.Diagnostics.NETCore.Client.dll
C:\Program Files\dotnet\sdk\7.0.100\Extensions\Microsoft.TestPlatform.Extensions.BlameDataCollector.dll
C:\Program Files\dotnet\sdk\7.0.100\Extensions\Microsoft.TestPlatform.Extensions.EventLogCollector.dll
C:\Program Files\dotnet\sdk\7.0.100\Extensions\Microsoft.TestPlatform.TestHostRuntimeProvider.dll
C:\Program Files\dotnet\sdk\7.0.100\Extensions\Microsoft.VisualStudio.TestPlatform.Extensions.Html.TestLogger.dll
C:\Program Files\dotnet\sdk\7.0.100\Extensions\Microsoft.VisualStudio.TestPlatform.Extensions.Trx.TestLogger.dll
TpTrace Verbose: 0 : 26840, 1, 2023/01/18, 09:23:19.007, 1170582796589, vstest.console.dll, TestPluginCache.GetExtensionPaths: Added unfilterableExtensionPaths: 
TpTrace Verbose: 0 : 26840, 1, 2023/01/18, 09:23:19.007, 1170582796839, vstest.console.dll, TestPluginCache.DiscoverTestExtensions: Discovering the extensions using allExtensionPaths: C:\Program Files\dotnet\sdk\7.0.100\Extensions\Microsoft.Diagnostics.NETCore.Client.dll
C:\Program Files\dotnet\sdk\7.0.100\Extensions\Microsoft.TestPlatform.Extensions.BlameDataCollector.dll
C:\Program Files\dotnet\sdk\7.0.100\Extensions\Microsoft.TestPlatform.Extensions.EventLogCollector.dll
C:\Program Files\dotnet\sdk\7.0.100\Extensions\Microsoft.TestPlatform.TestHostRuntimeProvider.dll
C:\Program Files\dotnet\sdk\7.0.100\Extensions\Microsoft.VisualStudio.TestPlatform.Extensions.Html.TestLogger.dll
C:\Program Files\dotnet\sdk\7.0.100\Extensions\Microsoft.VisualStudio.TestPlatform.Extensions.Trx.TestLogger.dll
TpTrace Information: 0 : 26840, 1, 2023/01/18, 09:23:19.007, 1170582797914, vstest.console.dll, AssemblyResolver.AddSearchDirectories: Adding more searchDirectories C:\Program Files\dotnet\sdk\7.0.100\Extensions,C:\Program Files\dotnet\sdk\7.0.100
TpTrace Information: 0 : 26840, 1, 2023/01/18, 09:23:19.007, 1170582798330, vstest.console.dll, AssemblyResolver.AddSearchDirectories: Adding more searchDirectories C:\Program Files\dotnet\sdk\7.0.100\Extensions,C:\Program Files\dotnet\sdk\7.0.100
TpTrace Information: 0 : 26840, 1, 2023/01/18, 09:23:19.007, 1170582798622, vstest.console.dll, AssemblyResolver.AddSearchDirectories: Adding more searchDirectories C:\Program Files\dotnet\sdk\7.0.100\Extensions,C:\Program Files\dotnet\sdk\7.0.100
TpTrace Information: 0 : 26840, 1, 2023/01/18, 09:23:19.007, 1170582799013, vstest.console.dll, AssemblyResolver.AddSearchDirectories: Adding more searchDirectories C:\Program Files\dotnet\sdk\7.0.100\Extensions,C:\Program Files\dotnet\sdk\7.0.100
TpTrace Information: 0 : 26840, 1, 2023/01/18, 09:23:19.007, 1170582799303, vstest.console.dll, AssemblyResolver.AddSearchDirectories: Adding more searchDirectories C:\Program Files\dotnet\sdk\7.0.100\Extensions,C:\Program Files\dotnet\sdk\7.0.100
TpTrace Information: 0 : 26840, 1, 2023/01/18, 09:23:19.007, 1170582799605, vstest.console.dll, AssemblyResolver.AddSearchDirectories: Adding more searchDirectories C:\Program Files\dotnet\sdk\7.0.100\Extensions,C:\Program Files\dotnet\sdk\7.0.100
TpTrace Verbose: 0 : 26840, 1, 2023/01/18, 09:23:19.008, 1170582800608, vstest.console.dll, MetadataReaderExtensionsHelper: Discovering extensions inside assembly 'Microsoft.Diagnostics.NETCore.Client, Version=0.2.6.42401, Culture=neutral, PublicKeyToken=31bf3856ad364e35' file path 'C:\Program Files\dotnet\sdk\7.0.100\Extensions\Microsoft.Diagnostics.NETCore.Client.dll'
TpTrace Information: 0 : 26840, 1, 2023/01/18, 09:23:19.008, 1170582807407, vstest.console.dll, AssemblyResolver.OnResolve: Microsoft.Bcl.AsyncInterfaces: Resolving assembly.
TpTrace Information: 0 : 26840, 1, 2023/01/18, 09:23:19.008, 1170582807931, vstest.console.dll, AssemblyResolver.OnResolve: Microsoft.Bcl.AsyncInterfaces: Resolved from cache.
TpTrace Verbose: 0 : 26840, 1, 2023/01/18, 09:23:19.008, 1170582808188, vstest.console.dll, CurrentDomainAssemblyResolve: Resolving assembly 'Microsoft.Bcl.AsyncInterfaces'.
TpTrace Information: 0 : 26840, 1, 2023/01/18, 09:23:19.008, 1170582808557, vstest.console.dll, AssemblyResolver.OnResolve: Microsoft.Bcl.AsyncInterfaces: Resolving assembly.
TpTrace Information: 0 : 26840, 1, 2023/01/18, 09:23:19.008, 1170582808847, vstest.console.dll, AssemblyResolver.OnResolve: Microsoft.Bcl.AsyncInterfaces: Resolved from cache.
TpTrace Verbose: 0 : 26840, 1, 2023/01/18, 09:23:19.008, 1170582809059, vstest.console.dll, CurrentDomainAssemblyResolve: Resolving assembly 'Microsoft.Bcl.AsyncInterfaces'.
TpTrace Verbose: 0 : 26840, 1, 2023/01/18, 09:23:19.008, 1170582809264, vstest.console.dll, CurrentDomainAssemblyResolve: Failed to resolve assembly 'Microsoft.Bcl.AsyncInterfaces'.
TpTrace Verbose: 0 : 26840, 1, 2023/01/18, 09:23:19.009, 1170582810385, vstest.console.dll, CurrentDomainAssemblyResolve: Failed to resolve assembly 'Microsoft.Bcl.AsyncInterfaces'.
TpTrace Warning: 0 : 26840, 1, 2023/01/18, 09:23:19.009, 1170582812977, vstest.console.dll, TestPluginDiscoverer: Failed to get types from assembly 'Microsoft.Diagnostics.NETCore.Client, Version=0.2.6.42401, Culture=neutral, PublicKeyToken=31bf3856ad364e35'. Error: System.Reflection.ReflectionTypeLoadException: Unable to load one or more of the requested types.
Could not load file or assembly 'Microsoft.Bcl.AsyncInterfaces, Version=1.0.0.0, Culture=neutral, PublicKeyToken=cc7b13ffcd2ddd51'. The system cannot find the file specified.
   at System.Reflection.RuntimeModule.GetTypes(RuntimeModule module)
   at System.Reflection.Assembly.GetTypes()
   at Microsoft.VisualStudio.TestPlatform.Common.ExtensionFramework.TestPluginDiscoverer.GetTestExtensionsFromAssembly[TPluginInfo,TExtension](Assembly assembly, Dictionary`2 pluginInfos, String filePath)
System.IO.FileNotFoundException: Could not load file or assembly 'Microsoft.Bcl.AsyncInterfaces, Version=1.0.0.0, Culture=neutral, PublicKeyToken=cc7b13ffcd2ddd51'. The system cannot find the file specified.
File name: 'Microsoft.Bcl.AsyncInterfaces, Version=1.0.0.0, Culture=neutral, PublicKeyToken=cc7b13ffcd2ddd51'
 ---> System.IO.FileNotFoundException: Could not load file or assembly 'Microsoft.Bcl.AsyncInterfaces, Culture=neutral, PublicKeyToken=null'. The system cannot find the file specified.
File name: 'Microsoft.Bcl.AsyncInterfaces, Culture=neutral, PublicKeyToken=null'
   at System.Reflection.RuntimeAssembly.InternalLoad(AssemblyName assemblyName, StackCrawlMark& stackMark, AssemblyLoadContext assemblyLoadContext, RuntimeAssembly requestingAssembly, Boolean throwOnFileNotFound)
   at System.Reflection.Assembly.Load(AssemblyName assemblyRef)
   at Microsoft.VisualStudio.TestPlatform.Common.ExtensionFramework.TestPluginCache.CurrentDomainAssemblyResolve(Object sender, AssemblyResolveEventArgs args)
   at System.Runtime.Loader.AssemblyLoadContext.GetFirstResolvedAssemblyFromResolvingEvent(AssemblyName assemblyName)
   at System.Runtime.Loader.AssemblyLoadContext.ResolveUsingEvent(AssemblyName assemblyName)
   at System.Runtime.Loader.AssemblyLoadContext.ResolveUsingResolvingEvent(IntPtr gchManagedAssemblyLoadContext, AssemblyName assemblyName)
TpTrace Warning: 0 : 26840, 1, 2023/01/18, 09:23:19.009, 1170582814538, vstest.console.dll, LoaderExceptions: System.IO.FileNotFoundException: Could not load file or assembly 'Microsoft.Bcl.AsyncInterfaces, Version=1.0.0.0, Culture=neutral, PublicKeyToken=cc7b13ffcd2ddd51'. The system cannot find the file specified.
File name: 'Microsoft.Bcl.AsyncInterfaces, Version=1.0.0.0, Culture=neutral, PublicKeyToken=cc7b13ffcd2ddd51'
 ---> System.IO.FileNotFoundException: Could not load file or assembly 'Microsoft.Bcl.AsyncInterfaces, Culture=neutral, PublicKeyToken=null'. The system cannot find the file specified.
File name: 'Microsoft.Bcl.AsyncInterfaces, Culture=neutral, PublicKeyToken=null'
   at System.Reflection.RuntimeAssembly.InternalLoad(AssemblyName assemblyName, StackCrawlMark& stackMark, AssemblyLoadContext assemblyLoadContext, RuntimeAssembly requestingAssembly, Boolean throwOnFileNotFound)
   at System.Reflection.Assembly.Load(AssemblyName assemblyRef)
   at Microsoft.VisualStudio.TestPlatform.Common.ExtensionFramework.TestPluginCache.CurrentDomainAssemblyResolve(Object sender, AssemblyResolveEventArgs args)
   at System.Runtime.Loader.AssemblyLoadContext.GetFirstResolvedAssemblyFromResolvingEvent(AssemblyName assemblyName)
   at System.Runtime.Loader.AssemblyLoadContext.ResolveUsingEvent(AssemblyName assemblyName)
   at System.Runtime.Loader.AssemblyLoadContext.ResolveUsingResolvingEvent(IntPtr gchManagedAssemblyLoadContext, AssemblyName assemblyName)
TpTrace Verbose: 0 : 26840, 1, 2023/01/18, 09:23:19.009, 1170582815413, vstest.console.dll, MetadataReaderExtensionsHelper: Discovering extensions inside assembly 'Microsoft.TestPlatform.Extensions.BlameDataCollector, Version=15.0.0.0, Culture=neutral, PublicKeyToken=b03f5f7f11d50a3a' file path 'C:\Program Files\dotnet\sdk\7.0.100\Extensions\Microsoft.TestPlatform.Extensions.BlameDataCollector.dll'
TpTrace Information: 0 : 26840, 1, 2023/01/18, 09:23:19.009, 1170582819151, vstest.console.dll, GetTestExtensionFromType: Register extension with identifier data 'logger://Microsoft/TestPlatform/Extensions/Blame/v1' and type 'Microsoft.TestPlatform.Extensions.BlameDataCollector.BlameLogger, Microsoft.TestPlatform.Extensions.BlameDataCollector, Version=15.0.0.0, Culture=neutral, PublicKeyToken=b03f5f7f11d50a3a' inside file 'C:\Program Files\dotnet\sdk\7.0.100\Extensions\Microsoft.TestPlatform.Extensions.BlameDataCollector.dll'
TpTrace Verbose: 0 : 26840, 1, 2023/01/18, 09:23:19.009, 1170582819691, vstest.console.dll, MetadataReaderExtensionsHelper: Discovering extensions inside assembly 'Microsoft.TestPlatform.Extensions.EventLogCollector, Version=15.0.0.0, Culture=neutral, PublicKeyToken=b03f5f7f11d50a3a' file path 'C:\Program Files\dotnet\sdk\7.0.100\Extensions\Microsoft.TestPlatform.Extensions.EventLogCollector.dll'
TpTrace Verbose: 0 : 26840, 1, 2023/01/18, 09:23:19.010, 1170582821970, vstest.console.dll, MetadataReaderExtensionsHelper: Discovering extensions inside assembly 'Microsoft.TestPlatform.TestHostRuntimeProvider, Version=15.0.0.0, Culture=neutral, PublicKeyToken=b03f5f7f11d50a3a' file path 'C:\Program Files\dotnet\sdk\7.0.100\Extensions\Microsoft.TestPlatform.TestHostRuntimeProvider.dll'
TpTrace Verbose: 0 : 26840, 1, 2023/01/18, 09:23:19.010, 1170582824492, vstest.console.dll, MetadataReaderExtensionsHelper: Discovering extensions inside assembly 'Microsoft.VisualStudio.TestPlatform.Extensions.Html.TestLogger, Version=15.0.0.0, Culture=neutral, PublicKeyToken=b03f5f7f11d50a3a' file path 'C:\Program Files\dotnet\sdk\7.0.100\Extensions\Microsoft.VisualStudio.TestPlatform.Extensions.Html.TestLogger.dll'
TpTrace Information: 0 : 26840, 1, 2023/01/18, 09:23:19.010, 1170582828711, vstest.console.dll, GetTestExtensionFromType: Register extension with identifier data 'logger://Microsoft/TestPlatform/HtmlLogger/v1' and type 'Microsoft.VisualStudio.TestPlatform.Extensions.HtmlLogger.HtmlLogger, Microsoft.VisualStudio.TestPlatform.Extensions.Html.TestLogger, Version=15.0.0.0, Culture=neutral, PublicKeyToken=b03f5f7f11d50a3a' inside file 'C:\Program Files\dotnet\sdk\7.0.100\Extensions\Microsoft.VisualStudio.TestPlatform.Extensions.Html.TestLogger.dll'
TpTrace Verbose: 0 : 26840, 1, 2023/01/18, 09:23:19.010, 1170582829326, vstest.console.dll, MetadataReaderExtensionsHelper: Discovering extensions inside assembly 'Microsoft.VisualStudio.TestPlatform.Extensions.Trx.TestLogger, Version=15.0.0.0, Culture=neutral, PublicKeyToken=b03f5f7f11d50a3a' file path 'C:\Program Files\dotnet\sdk\7.0.100\Extensions\Microsoft.VisualStudio.TestPlatform.Extensions.Trx.TestLogger.dll'
TpTrace Information: 0 : 26840, 1, 2023/01/18, 09:23:19.011, 1170582832320, vstest.console.dll, GetTestExtensionFromType: Register extension with identifier data 'logger://Microsoft/TestPlatform/TrxLogger/v1' and type 'Microsoft.VisualStudio.TestPlatform.Extensions.TrxLogger.TrxLogger, Microsoft.VisualStudio.TestPlatform.Extensions.Trx.TestLogger, Version=15.0.0.0, Culture=neutral, PublicKeyToken=b03f5f7f11d50a3a' inside file 'C:\Program Files\dotnet\sdk\7.0.100\Extensions\Microsoft.VisualStudio.TestPlatform.Extensions.Trx.TestLogger.dll'
TpTrace Verbose: 0 : 26840, 1, 2023/01/18, 09:23:19.011, 1170582833122, vstest.console.dll, TestPluginCache: Discovered the extensions using extension path ''.
TpTrace Verbose: 0 : 26840, 1, 2023/01/18, 09:23:19.011, 1170582833637, vstest.console.dll, TestPluginCache: Discoverers are ''.
TpTrace Verbose: 0 : 26840, 1, 2023/01/18, 09:23:19.011, 1170582833868, vstest.console.dll, TestPluginCache: Executors are ''.
TpTrace Verbose: 0 : 26840, 1, 2023/01/18, 09:23:19.011, 1170582834114, vstest.console.dll, TestPluginCache: Executors2 are ''.
TpTrace Verbose: 0 : 26840, 1, 2023/01/18, 09:23:19.011, 1170582834374, vstest.console.dll, TestPluginCache: Setting providers are ''.
TpTrace Verbose: 0 : 26840, 1, 2023/01/18, 09:23:19.011, 1170582834938, vstest.console.dll, TestPluginCache: Loggers are 'logger://Microsoft/TestPlatform/Extensions/Blame/v1,logger://Microsoft/TestPlatform/HtmlLogger/v1,logger://Microsoft/TestPlatform/TrxLogger/v1'.
TpTrace Verbose: 0 : 26840, 1, 2023/01/18, 09:23:19.011, 1170582835258, vstest.console.dll, TestPluginCache: TestHosts are 'HostProvider://DefaultTestHost,HostProvider://DotnetTestHost'.
TpTrace Verbose: 0 : 26840, 1, 2023/01/18, 09:23:19.011, 1170582835735, vstest.console.dll, TestPluginCache: DataCollectors are ''.
TpTrace Information: 0 : 26840, 1, 2023/01/18, 09:23:19.012, 1170582843823, vstest.console.dll, TestPluginManager.CreateTestExtension: Attempting to load test extension: Microsoft.TestPlatform.Extensions.BlameDataCollector.BlameLogger
TpTrace Verbose: 0 : 26840, 1, 2023/01/18, 09:23:19.022, 1170582942779, vstest.console.dll, TestEngine: Initializing Parallel Execution as MaxCpuCount is set to: 1
TpTrace Information: 0 : 26840, 1, 2023/01/18, 09:23:19.025, 1170582971871, vstest.console.dll, TestPluginManager.CreateTestExtension: Attempting to load test extension: Microsoft.VisualStudio.TestPlatform.CrossPlatEngine.Hosting.DefaultTestHostManager
TpTrace Information: 0 : 26840, 1, 2023/01/18, 09:23:19.026, 1170582989193, vstest.console.dll, TestPluginManager.CreateTestExtension: Attempting to load test extension: Microsoft.VisualStudio.TestPlatform.CrossPlatEngine.Hosting.DotnetTestHostManager
TpTrace Information: 0 : 26840, 1, 2023/01/18, 09:23:19.028, 1170583001877, vstest.console.dll, InferRunSettingsHelper.IsTestSettingsEnabled: Unable to navigate to RunSettings/MSTest. Current node: RunSettings
TpTrace Verbose: 0 : 26840, 1, 2023/01/18, 09:23:19.033, 1170583056293, vstest.console.dll, TestEngine.GetExecutionManager: Chosen execution manager 'Microsoft.VisualStudio.TestPlatform.CrossPlatEngine.Client.Parallel.ParallelProxyExecutionManager, Microsoft.TestPlatform.CrossPlatEngine, Version=15.0.0.0, Culture=neutral, PublicKeyToken=b03f5f7f11d50a3a' ParallelLevel '1'.
TpTrace Verbose: 0 : 26840, 1, 2023/01/18, 09:23:19.033, 1170583059037, vstest.console.dll, TestRunRequest.ExecuteAsync: Creating test run request.
TpTrace Verbose: 0 : 26840, 1, 2023/01/18, 09:23:19.034, 1170583061995, vstest.console.dll, TestRunRequest.ExecuteAsync: Starting.
TpTrace Information: 0 : 26840, 1, 2023/01/18, 09:23:19.034, 1170583065450, vstest.console.dll, TestRunRequest.ExecuteAsync: Starting run with settings:TestRunCriteria:
   KeepAlive=False,FrequencyOfRunStatsChangeEvent=10,RunStatsChangeEventTimeout=00:00:01.5000000,TestCaseFilter=,TestExecutorLauncher=
   Settingsxml=<RunSettings>
  <RunConfiguration>
    <ResultsDirectory>C:\Users\CarlosGamboa\Development\apps\feedback-tracker\FeedbackTracker.Domain\FeedbackTracker.DomainTest\bin\Debug\net7.0\fine-code-coverage\coverage-tool-output</ResultsDirectory>
    <TargetPlatform>X64</TargetPlatform>
    <TargetFrameworkVersion>.NETCoreApp,Version=v7.0</TargetFrameworkVersion>
    <DesignMode>False</DesignMode>
    <CollectSourceInformation>False</CollectSourceInformation>
  </RunConfiguration>
  <LoggerRunSettings>
    <Loggers>
      <Logger friendlyName="blame" enabled="True" />
      <Logger friendlyName="Console" uri="logger://microsoft/TestPlatform/ConsoleLogger/v1" assemblyQualifiedName="Microsoft.VisualStudio.TestPlatform.CommandLine.Internal.ConsoleLogger, vstest.console, Version=15.0.0.0, Culture=neutral, PublicKeyToken=b03f5f7f11d50a3a" codeBase="C:\Program Files\dotnet\sdk\7.0.100\vstest.console.dll" enabled="True" />
    </Loggers>
  </LoggerRunSettings>
  <DataCollectionRunSettings>
    <DataCollectors>
      <DataCollector friendlyName="blame" enabled="True">
        <Configuration>
          <ResultsDirectory>C:\Users\CarlosGamboa\Development\apps\feedback-tracker\FeedbackTracker.Domain\FeedbackTracker.DomainTest\bin\Debug\net7.0\fine-code-coverage\coverage-tool-output</ResultsDirectory>
        </Configuration>
      </DataCollector>
    </DataCollectors>
  </DataCollectionRunSettings>
</RunSettings>

TpTrace Verbose: 0 : 26840, 1, 2023/01/18, 09:23:19.034, 1170583066285, vstest.console.dll, TestRunRequest.ExecuteAsync: Wait for the first run request is over.
TpTrace Verbose: 0 : 26840, 1, 2023/01/18, 09:23:19.035, 1170583070669, vstest.console.dll, MulticastDelegateUtilities.SafeInvoke: TestRun.TestRunStart: Invoking callbacks was skipped because there are no subscribers.
TpTrace Verbose: 0 : 26840, 4, 2023/01/18, 09:23:19.035, 1170583074080, vstest.console.dll, MulticastDelegateUtilities.SafeInvoke: InternalTestLoggerEvents.SendTestRunStart: Invoking callback 1/1 for Microsoft.VisualStudio.TestPlatform.CommandLine.Internal.ConsoleLogger., took 0 ms.
TpTrace Verbose: 0 : 26840, 1, 2023/01/18, 09:23:19.037, 1170583095921, vstest.console.dll, ParallelProxyExecutionManager: Start execution. Total sources: 1
TpTrace Verbose: 0 : 26840, 1, 2023/01/18, 09:23:19.040, 1170583124201, vstest.console.dll, TestRequestSender is acting as server.
TpTrace Verbose: 0 : 26840, 1, 2023/01/18, 09:23:19.042, 1170583146245, vstest.console.dll, DataCollectionRequestSender.InitializeCommunication : Initialize communication. 
TpTrace Information: 0 : 26840, 1, 2023/01/18, 09:23:19.048, 1170583202687, vstest.console.dll, Listening on Endpoint : 127.0.0.1:50573
TpTrace Verbose: 0 : 26840, 1, 2023/01/18, 09:23:19.055, 1170583278251, vstest.console.dll, DotnetDataCollectionLauncher: Adding  --runtimeconfig "C:\Program Files\dotnet\sdk\7.0.100\datacollector.runtimeconfig.json" in args
TpTrace Verbose: 0 : 26840, 1, 2023/01/18, 09:23:19.055, 1170583279579, vstest.console.dll, DotnetDataCollectionLauncher: Adding  --depsfile "C:\Program Files\dotnet\sdk\7.0.100\datacollector.deps.json" in args
TpTrace Verbose: 0 : 26840, 1, 2023/01/18, 09:23:19.056, 1170583281941, vstest.console.dll, DotnetDataCollectionLauncher: Full path of dotnet.exe is C:\Program Files\dotnet\dotnet.exe
TpTrace Information: 0 : 26840, 1, 2023/01/18, 09:23:19.062, 1170583348196, vstest.console.dll, ProxyDataCollectionManager.Initialize: Launched datacollector processId: 25376 port: 50573
TpTrace Information: 0 : 26840, 1, 2023/01/18, 09:23:19.063, 1170583350316, vstest.console.dll, ProxyDataCollectionManager.Initialize: waiting for connection with timeout: 90 seconds
TpTrace Verbose: 0 : 26840, 1, 2023/01/18, 09:23:19.063, 1170583351149, vstest.console.dll, DataCollectionRequestSender.WaitForRequestHandlerConnection : Waiting for connection with timeout: 90000
TpTrace Information: 0 : 26840, 10, 2023/01/18, 09:23:19.234, 1170585061025, vstest.console.dll, Using the buffer size of 16384 bytes
TpTrace Verbose: 0 : 26840, 1, 2023/01/18, 09:23:19.234, 1170585061150, vstest.console.dll, SocketCommunicationManager.WaitForClientConnection took: 170 ms, with 90000 ms timeout, and finished with True.
TpTrace Information: 0 : 26840, 10, 2023/01/18, 09:23:19.234, 1170585062317, vstest.console.dll, Accepted Client request and set the flag
TpTrace Verbose: 0 : 26840, 1, 2023/01/18, 09:23:19.234, 1170585063534, vstest.console.dll, ProxyDataCollectionManager.InvokeDataCollectionServiceAction: Starting.
TpTrace Information: 0 : 26840, 1, 2023/01/18, 09:23:19.234, 1170585064640, vstest.console.dll, ProxyDataCollectionManager.BeforeTestRunStart: Get environment variable and port for datacollector processId: 25376 port: 50573
TpTrace Verbose: 0 : 26840, 1, 2023/01/18, 09:23:19.234, 1170585065921, vstest.console.dll, DataCollectionRequestSender.SendBeforeTestRunStartAndGetResult: Send BeforeTestRunStart message with settingsXml <RunSettings><RunConfiguration><ResultsDirectory>C:\Users\CarlosGamboa\Development\apps\feedback-tracker\FeedbackTracker.Domain\FeedbackTracker.DomainTest\bin\Debug\net7.0\fine-code-coverage\coverage-tool-output</ResultsDirectory><TargetPlatform>X64</TargetPlatform><TargetFrameworkVersion>.NETCoreApp,Version=v7.0</TargetFrameworkVersion><DesignMode>False</DesignMode><CollectSourceInformation>False</CollectSourceInformation><TestAdaptersPaths>C:\Program Files\dotnet\sdk\7.0.100\Extensions</TestAdaptersPaths></RunConfiguration><LoggerRunSettings><Loggers><Logger friendlyName="blame" enabled="True" /><Logger friendlyName="Console" uri="logger://microsoft/TestPlatform/ConsoleLogger/v1" assemblyQualifiedName="Microsoft.VisualStudio.TestPlatform.CommandLine.Internal.ConsoleLogger, vstest.console, Version=15.0.0.0, Culture=neutral, PublicKeyToken=b03f5f7f11d50a3a" codeBase="C:\Program Files\dotnet\sdk\7.0.100\vstest.console.dll" enabled="True" /></Loggers></LoggerRunSettings><DataCollectionRunSettings><DataCollectors><DataCollector friendlyName="blame" enabled="True"><Configuration><ResultsDirectory>C:\Users\CarlosGamboa\Development\apps\feedback-tracker\FeedbackTracker.Domain\FeedbackTracker.DomainTest\bin\Debug\net7.0\fine-code-coverage\coverage-tool-output</ResultsDirectory></Configuration></DataCollector></DataCollectors></DataCollectionRunSettings></RunSettings> and sources System.Collections.Generic.List`1[System.String]: 
TpTrace Verbose: 0 : 26840, 1, 2023/01/18, 09:23:19.341, 1170586132980, vstest.console.dll, DataCollectionRequestSender.SendBeforeTestRunStartAndGetResult: Received message: (DataCollection.SendMessage) -> {"MessageType":"DataCollection.SendMessage","Payload":{"FriendlyName":null,"Uri":null,"TestCaseId":"00000000-0000-0000-0000-000000000000","Message":"Logging DataCollector Diagnostics in file: C:\\Users\\CarlosGamboa\\Development\\apps\\feedback-tracker\\FeedbackTracker.Domain\\FeedbackTracker.DomainTest\\bin\\Debug\\net7.0\\fine-code-coverage\\coverage-tool-output\\diagnostics.datacollector.23-01-18_09-23-19_05549_1.log","Level":0}}
TpTrace Verbose: 0 : 26840, 1, 2023/01/18, 09:23:19.457, 1170587296520, vstest.console.dll, DataCollectionRequestSender.SendBeforeTestRunStartAndGetResult: Received message: (DataCollection.BeforeTestRunStartResult) -> {"MessageType":"DataCollection.BeforeTestRunStartResult","Payload":{"EnvironmentVariables":{},"DataCollectionEventsPort":50575}}
TpTrace Information: 0 : 26840, 1, 2023/01/18, 09:23:19.464, 1170587364119, vstest.console.dll, ProxyDataCollectionManager.BeforeTestRunStart: SendBeforeTestRunStartAndGetResult successful, env variable from datacollector:   and testhost port: 50575
TpTrace Information: 0 : 26840, 1, 2023/01/18, 09:23:19.464, 1170587365613, vstest.console.dll, ProxyDataCollectionManager.InvokeDataCollectionServiceAction: Completed.
TpTrace Verbose: 0 : 26840, 10, 2023/01/18, 09:23:19.464, 1170587367150, vstest.console.dll, ParallelProxyExecutionManager: Execution started. Started clients: 1
TpTrace Verbose: 0 : 26840, 1, 2023/01/18, 09:23:19.464, 1170587367503, vstest.console.dll, ProxyParallelExecutionManager: No sources available for execution.
TpTrace Information: 0 : 26840, 1, 2023/01/18, 09:23:19.464, 1170587368863, vstest.console.dll, TestRunRequest.ExecuteAsync: Started.
TpTrace Verbose: 0 : 26840, 1, 2023/01/18, 09:23:19.464, 1170587369894, vstest.console.dll, TestRunRequest.WaitForCompletion: Waiting with timeout -1.
TpTrace Verbose: 0 : 26840, 10, 2023/01/18, 09:23:19.464, 1170587370085, vstest.console.dll, TestRunRequest:SendTestRunMessage: Starting.
TpTrace Verbose: 0 : 26840, 10, 2023/01/18, 09:23:19.465, 1170587372057, vstest.console.dll, MulticastDelegateUtilities.SafeInvoke: TestRun.LogMessages: Invoking callback 1/1 for Microsoft.VisualStudio.TestPlatform.CommandLine.TestRunResultAggregator., took 0 ms.
TpTrace Verbose: 0 : 26840, 4, 2023/01/18, 09:23:19.465, 1170587372057, vstest.console.dll, MulticastDelegateUtilities.SafeInvoke: InternalTestLoggerEvents.SendTestRunMessage: Invoking callback 1/1 for Microsoft.VisualStudio.TestPlatform.CommandLine.Internal.ConsoleLogger., took 0 ms.
TpTrace Information: 0 : 26840, 10, 2023/01/18, 09:23:19.465, 1170587372578, vstest.console.dll, TestRunRequest:SendTestRunMessage: Completed.
TpTrace Verbose: 0 : 26840, 10, 2023/01/18, 09:23:19.465, 1170587375442, vstest.console.dll, ProxyExecutionManager: Test host is always Lazy initialize.
TpTrace Verbose: 0 : 26840, 10, 2023/01/18, 09:23:19.465, 1170587377687, vstest.console.dll, TestRequestSender.InitializeCommunication: initialize communication. 
TpTrace Information: 0 : 26840, 10, 2023/01/18, 09:23:19.466, 1170587382763, vstest.console.dll, SocketServer.Start: Listening on endpoint : 127.0.0.1:50576
TpTrace Verbose: 0 : 26840, 10, 2023/01/18, 09:23:19.467, 1170587392058, vstest.console.dll, DotnetTestHostmanager.GetTestHostProcessStartInfo: Platform environment 'X64' target architecture 'X64' framework '.NETCoreApp,Version=v7.0' OS 'Windows'
TpTrace Verbose: 0 : 26840, 10, 2023/01/18, 09:23:19.467, 1170587394581, vstest.console.dll, DotnetTestHostmanager: Adding  --runtimeconfig "C:\Users\CarlosGamboa\Development\apps\feedback-tracker\FeedbackTracker.Domain\FeedbackTracker.DomainTest\bin\Debug\net7.0\fine-code-coverage\build-output\FeedbackTracker.DomainTest.runtimeconfig.json" in args
TpTrace Verbose: 0 : 26840, 10, 2023/01/18, 09:23:19.467, 1170587395583, vstest.console.dll, DotnetTestHostmanager: Adding  --depsfile "C:\Users\CarlosGamboa\Development\apps\feedback-tracker\FeedbackTracker.Domain\FeedbackTracker.DomainTest\bin\Debug\net7.0\fine-code-coverage\build-output\FeedbackTracker.DomainTest.deps.json" in args
TpTrace Verbose: 0 : 26840, 10, 2023/01/18, 09:23:19.467, 1170587397395, vstest.console.dll, DotnetTestHostmanager.IsWinOnArm: Current PROCESSOR_ARCHITECTURE from environment variable 'AMD64'
TpTrace Verbose: 0 : 26840, 10, 2023/01/18, 09:23:19.467, 1170587398002, vstest.console.dll, DotnetTestHostmanager.IsWinOnArm: Is Windows on ARM 'False'
TpTrace Verbose: 0 : 26840, 10, 2023/01/18, 09:23:19.467, 1170587398834, vstest.console.dll, DotnetTestHostManager: testhost.exe found at path: C:\Users\CarlosGamboa\Development\apps\feedback-tracker\FeedbackTracker.Domain\FeedbackTracker.DomainTest\bin\Debug\net7.0\fine-code-coverage\build-output\testhost.exe
TpTrace Verbose: 0 : 26840, 10, 2023/01/18, 09:23:19.467, 1170587399230, vstest.console.dll, DotnetTestHostmanager: Full path of host exe is C:\Users\CarlosGamboa\Development\apps\feedback-tracker\FeedbackTracker.Domain\FeedbackTracker.DomainTest\bin\Debug\net7.0\fine-code-coverage\build-output\testhost.exe
TpTrace Verbose: 0 : 26840, 10, 2023/01/18, 09:23:19.468, 1170587400396, vstest.console.dll, DotnetTestHostmanager.LaunchTestHostAsync: Found 'VSTEST_WINAPPHOST_DOTNET_ROOT' in env variables, value 'C:\Program Files\dotnet', forwarding to 'DOTNET_ROOT'
TpTrace Verbose: 0 : 26840, 10, 2023/01/18, 09:23:19.468, 1170587401968, vstest.console.dll, DotnetTestHostManager: Starting process 'C:\Users\CarlosGamboa\Development\apps\feedback-tracker\FeedbackTracker.Domain\FeedbackTracker.DomainTest\bin\Debug\net7.0\fine-code-coverage\build-output\testhost.exe' with command line ' --runtimeconfig "C:\Users\CarlosGamboa\Development\apps\feedback-tracker\FeedbackTracker.Domain\FeedbackTracker.DomainTest\bin\Debug\net7.0\fine-code-coverage\build-output\FeedbackTracker.DomainTest.runtimeconfig.json" --depsfile "C:\Users\CarlosGamboa\Development\apps\feedback-tracker\FeedbackTracker.Domain\FeedbackTracker.DomainTest\bin\Debug\net7.0\fine-code-coverage\build-output\FeedbackTracker.DomainTest.deps.json" --port 50576 --endpoint 127.0.0.1:050576 --role client --parentprocessid 26840 --diag "C:\Users\CarlosGamboa\Development\apps\feedback-tracker\FeedbackTracker.Domain\FeedbackTracker.DomainTest\bin\Debug\net7.0\fine-code-coverage\coverage-tool-output\diagnostics.host.23-01-18_09-23-19_46670_10.log" --tracelevel 4 --datacollectionport 50575 --telemetryoptedin false'
TpTrace Verbose: 0 : 26840, 10, 2023/01/18, 09:23:19.476, 1170587482425, vstest.console.dll, MulticastDelegateUtilities.SafeInvoke: HostProviderEvents.OnHostLaunched: Invoking callback 1/2 for Microsoft.VisualStudio.TestPlatform.CrossPlatEngine.Client.ProxyExecutionManagerWithDataCollection., took 1 ms.
TpTrace Verbose: 0 : 26840, 10, 2023/01/18, 09:23:19.476, 1170587486204, vstest.console.dll, Test Runtime launched
TpTrace Verbose: 0 : 26840, 10, 2023/01/18, 09:23:19.476, 1170587487052, vstest.console.dll, MulticastDelegateUtilities.SafeInvoke: HostProviderEvents.OnHostLaunched: Invoking callback 2/2 for Microsoft.VisualStudio.TestPlatform.CrossPlatEngine.Client.ProxyOperationManager., took 0 ms.
TpTrace Verbose: 0 : 26840, 10, 2023/01/18, 09:23:19.476, 1170587489122, vstest.console.dll, TestRequestSender.WaitForRequestHandlerConnection: waiting for connection with timeout: 90000.
TpTrace Verbose: 0 : 26840, 10, 2023/01/18, 09:23:19.674, 1170589460191, vstest.console.dll, TestRequestSender.WaitForRequestHandlerConnection: waiting took 197 ms, with timeout 90000 ms, and result 0, which is success.
TpTrace Verbose: 0 : 26840, 12, 2023/01/18, 09:23:19.674, 1170589460191, vstest.console.dll, MulticastDelegateUtilities.SafeInvoke: SocketServer: ClientConnected: Invoking callback 1/1 for Microsoft.VisualStudio.TestPlatform.CommunicationUtilities.TestRequestSender., took 0 ms.
TpTrace Verbose: 0 : 26840, 12, 2023/01/18, 09:23:19.674, 1170589462641, vstest.console.dll, SocketServer.OnClientConnected: Client connected for endPoint: 127.0.0.1:50576, starting MessageLoopAsync:
TpTrace Verbose: 0 : 26840, 12, 2023/01/18, 09:23:19.674, 1170589465154, vstest.console.dll, TcpClientExtensions.MessageLoopAsync: Polling on remoteEndPoint: 127.0.0.1:50578 localEndPoint: 127.0.0.1:50576
TpTrace Verbose: 0 : 26840, 10, 2023/01/18, 09:23:19.675, 1170589472136, vstest.console.dll, TestRequestSender.CheckVersionWithTestHost: Sending check version message: {"MessageType":"ProtocolVersion","Payload":7}
TpTrace Verbose: 0 : 26840, 12, 2023/01/18, 09:23:19.796, 1170590687975, vstest.console.dll, TcpClientExtensions.MessageLoopAsync: NotifyDataAvailable remoteEndPoint: 127.0.0.1:50578 localEndPoint: 127.0.0.1:50576
TpTrace Verbose: 0 : 26840, 12, 2023/01/18, 09:23:19.797, 1170590690518, vstest.console.dll, TestRequestSender.CheckVersionWithTestHost: onMessageReceived received message: (ProtocolVersion) -> {"MessageType":"ProtocolVersion","Payload":7}
TpTrace Verbose: 0 : 26840, 12, 2023/01/18, 09:23:19.798, 1170590701178, vstest.console.dll, MulticastDelegateUtilities.SafeInvoke: LengthPrefixCommunicationChannel: MessageReceived: Invoking callback 1/1 for Microsoft.VisualStudio.TestPlatform.CommunicationUtilities.TestRequestSender+<>c__DisplayClass26_0., took 1 ms.
TpTrace Verbose: 0 : 26840, 10, 2023/01/18, 09:23:19.798, 1170590702062, vstest.console.dll, TestPluginCache.GetExtensionPaths: Filtered extension paths: 
TpTrace Verbose: 0 : 26840, 12, 2023/01/18, 09:23:19.798, 1170590702742, vstest.console.dll, TcpClientExtensions.MessageLoopAsync: Polling on remoteEndPoint: 127.0.0.1:50578 localEndPoint: 127.0.0.1:50576
TpTrace Verbose: 0 : 26840, 10, 2023/01/18, 09:23:19.798, 1170590703256, vstest.console.dll, TestPluginCache.GetExtensionPaths: Added default extension paths: C:\Program Files\dotnet\sdk\7.0.100\Extensions\Microsoft.Diagnostics.NETCore.Client.dll
C:\Program Files\dotnet\sdk\7.0.100\Extensions\Microsoft.TestPlatform.Extensions.BlameDataCollector.dll
C:\Program Files\dotnet\sdk\7.0.100\Extensions\Microsoft.TestPlatform.Extensions.EventLogCollector.dll
C:\Program Files\dotnet\sdk\7.0.100\Extensions\Microsoft.TestPlatform.TestHostRuntimeProvider.dll
C:\Program Files\dotnet\sdk\7.0.100\Extensions\Microsoft.VisualStudio.TestPlatform.Extensions.Html.TestLogger.dll
C:\Program Files\dotnet\sdk\7.0.100\Extensions\Microsoft.VisualStudio.TestPlatform.Extensions.Trx.TestLogger.dll
TpTrace Verbose: 0 : 26840, 10, 2023/01/18, 09:23:19.798, 1170590704336, vstest.console.dll, TestPluginCache.GetExtensionPaths: Added unfilterableExtensionPaths: 
TpTrace Verbose: 0 : 26840, 10, 2023/01/18, 09:23:19.802, 1170590741115, vstest.console.dll, TestRequestSender.InitializeExecution: Sending initialize execution with message: {"Version":7,"MessageType":"TestExecution.Initialize","Payload":["C:\\Users\\CarlosGamboa\\Development\\apps\\feedback-tracker\\FeedbackTracker.Domain\\FeedbackTracker.DomainTest\\bin\\Debug\\net7.0\\fine-code-coverage\\build-output\\xunit.runner.visualstudio.dotnetcore.testadapter.dll"]}
TpTrace Warning: 0 : 26840, 10, 2023/01/18, 09:23:19.802, 1170590745909, vstest.console.dll, InferRunSettingsHelper.MakeRunsettingsCompatible: Removing the following settings: TargetPlatform from RunSettings file. To use those settings please move to latest version of Microsoft.NET.Test.Sdk
TpTrace Verbose: 0 : 26840, 12, 2023/01/18, 09:23:19.804, 1170590765119, vstest.console.dll, TcpClientExtensions.MessageLoopAsync: NotifyDataAvailable remoteEndPoint: 127.0.0.1:50578 localEndPoint: 127.0.0.1:50576
TpTrace Verbose: 0 : 26840, 12, 2023/01/18, 09:23:19.804, 1170590768711, vstest.console.dll, TestRequestSender.OnExecutionMessageReceived: Received message: {"Version":7,"MessageType":"TestSession.Message","Payload":{"MessageLevel":0,"Message":"Logging TestHost Diagnostics in file: C:\\Users\\CarlosGamboa\\Development\\apps\\feedback-tracker\\FeedbackTracker.Domain\\FeedbackTracker.DomainTest\\bin\\Debug\\net7.0\\fine-code-coverage\\coverage-tool-output\\diagnostics.host.23-01-18_09-23-19_46670_10.log"}}
TpTrace Verbose: 0 : 26840, 12, 2023/01/18, 09:23:19.807, 1170590796326, vstest.console.dll, TestRunRequest:SendTestRunMessage: Starting.
TpTrace Verbose: 0 : 26840, 12, 2023/01/18, 09:23:19.808, 1170590800134, vstest.console.dll, MulticastDelegateUtilities.SafeInvoke: TestRun.LogMessages: Invoking callback 1/1 for Microsoft.VisualStudio.TestPlatform.CommandLine.TestRunResultAggregator., took 0 ms.
TpTrace Verbose: 0 : 26840, 4, 2023/01/18, 09:23:19.808, 1170590800175, vstest.console.dll, MulticastDelegateUtilities.SafeInvoke: InternalTestLoggerEvents.SendTestRunMessage: Invoking callback 1/1 for Microsoft.VisualStudio.TestPlatform.CommandLine.Internal.ConsoleLogger., took 0 ms.
TpTrace Information: 0 : 26840, 12, 2023/01/18, 09:23:19.808, 1170590800906, vstest.console.dll, TestRunRequest:SendTestRunMessage: Completed.
TpTrace Verbose: 0 : 26840, 12, 2023/01/18, 09:23:19.808, 1170590802196, vstest.console.dll, MulticastDelegateUtilities.SafeInvoke: LengthPrefixCommunicationChannel: MessageReceived: Invoking callback 1/1 for Microsoft.VisualStudio.TestPlatform.CommunicationUtilities.TestRequestSender+<>c__DisplayClass31_0., took 3 ms.
TpTrace Verbose: 0 : 26840, 12, 2023/01/18, 09:23:19.808, 1170590802690, vstest.console.dll, TcpClientExtensions.MessageLoopAsync: Polling on remoteEndPoint: 127.0.0.1:50578 localEndPoint: 127.0.0.1:50576
TpTrace Verbose: 0 : 26840, 10, 2023/01/18, 09:23:19.810, 1170590822937, vstest.console.dll, TestRequestSender.StartTestRun: Sending test run with message: {"Version":7,"MessageType":"TestExecution.StartWithSources","Payload":{"AdapterSourceMap":{"_none_":["C:\\Users\\CarlosGamboa\\Development\\apps\\feedback-tracker\\FeedbackTracker.Domain\\FeedbackTracker.DomainTest\\bin\\Debug\\net7.0\\fine-code-coverage\\build-output\\FeedbackTracker.DomainTest.dll"]},"RunSettings":"<RunSettings>\r\n  <RunConfiguration>\r\n    <ResultsDirectory>C:\\Users\\CarlosGamboa\\Development\\apps\\feedback-tracker\\FeedbackTracker.Domain\\FeedbackTracker.DomainTest\\bin\\Debug\\net7.0\\fine-code-coverage\\coverage-tool-output</ResultsDirectory>\r\n    <TargetFrameworkVersion>.NETCoreApp,Version=v7.0</TargetFrameworkVersion>\r\n    <DesignMode>False</DesignMode>\r\n    <CollectSourceInformation>False</CollectSourceInformation>\r\n  </RunConfiguration>\r\n  <LoggerRunSettings>\r\n    <Loggers>\r\n      <Logger friendlyName=\"blame\" enabled=\"True\" />\r\n      <Logger friendlyName=\"Console\" uri=\"logger://microsoft/TestPlatform/ConsoleLogger/v1\" assemblyQualifiedName=\"Microsoft.VisualStudio.TestPlatform.CommandLine.Internal.ConsoleLogger, vstest.console, Version=15.0.0.0, Culture=neutral, PublicKeyToken=b03f5f7f11d50a3a\" codeBase=\"C:\\Program Files\\dotnet\\sdk\\7.0.100\\vstest.console.dll\" enabled=\"True\" />\r\n    </Loggers>\r\n  </LoggerRunSettings>\r\n  <DataCollectionRunSettings>\r\n    <DataCollectors>\r\n      <DataCollector friendlyName=\"blame\" enabled=\"True\">\r\n        <Configuration>\r\n          <ResultsDirectory>C:\\Users\\CarlosGamboa\\Development\\apps\\feedback-tracker\\FeedbackTracker.Domain\\FeedbackTracker.DomainTest\\bin\\Debug\\net7.0\\fine-code-coverage\\coverage-tool-output</ResultsDirectory>\r\n        </Configuration>\r\n      </DataCollector>\r\n    </DataCollectors>\r\n  </DataCollectionRunSettings>\r\n</RunSettings>","TestExecutionContext":{"FrequencyOfRunStatsChangeEvent":10,"RunStatsChangeEventTimeout":"00:00:01.5000000","InIsolation":false,"KeepAlive":false,"AreTestCaseLevelEventsRequired":false,"IsDebug":false,"TestCaseFilter":null,"FilterOptions":null},"Package":null}}
TpTrace Verbose: 0 : 26840, 12, 2023/01/18, 09:23:19.934, 1170592066393, vstest.console.dll, TcpClientExtensions.MessageLoopAsync: NotifyDataAvailable remoteEndPoint: 127.0.0.1:50578 localEndPoint: 127.0.0.1:50576
TpTrace Verbose: 0 : 26840, 12, 2023/01/18, 09:23:19.934, 1170592068305, vstest.console.dll, TestRequestSender.OnExecutionMessageReceived: Received message: {"Version":7,"MessageType":"TestSession.Message","Payload":{"MessageLevel":0,"Message":"[xUnit.net 00:00:00.00] xUnit.net VSTest Adapter v2.4.5+1caef2f33e (64-bit .NET 7.0.0)"}}
TpTrace Verbose: 0 : 26840, 12, 2023/01/18, 09:23:19.935, 1170592070976, vstest.console.dll, TestRunRequest:SendTestRunMessage: Starting.
TpTrace Verbose: 0 : 26840, 12, 2023/01/18, 09:23:19.935, 1170592071730, vstest.console.dll, MulticastDelegateUtilities.SafeInvoke: TestRun.LogMessages: Invoking callback 1/1 for Microsoft.VisualStudio.TestPlatform.CommandLine.TestRunResultAggregator., took 0 ms.
TpTrace Information: 0 : 26840, 12, 2023/01/18, 09:23:19.935, 1170592072122, vstest.console.dll, TestRunRequest:SendTestRunMessage: Completed.
TpTrace Verbose: 0 : 26840, 4, 2023/01/18, 09:23:19.935, 1170592072045, vstest.console.dll, MulticastDelegateUtilities.SafeInvoke: InternalTestLoggerEvents.SendTestRunMessage: Invoking callback 1/1 for Microsoft.VisualStudio.TestPlatform.CommandLine.Internal.ConsoleLogger., took 0 ms.
TpTrace Verbose: 0 : 26840, 12, 2023/01/18, 09:23:19.935, 1170592072478, vstest.console.dll, MulticastDelegateUtilities.SafeInvoke: LengthPrefixCommunicationChannel: MessageReceived: Invoking callback 1/1 for Microsoft.VisualStudio.TestPlatform.CommunicationUtilities.TestRequestSender+<>c__DisplayClass31_0., took 0 ms.
TpTrace Verbose: 0 : 26840, 12, 2023/01/18, 09:23:19.935, 1170592073614, vstest.console.dll, TcpClientExtensions.MessageLoopAsync: Polling on remoteEndPoint: 127.0.0.1:50578 localEndPoint: 127.0.0.1:50576
TpTrace Verbose: 0 : 26840, 12, 2023/01/18, 09:23:20.336, 1170596081378, vstest.console.dll, TcpClientExtensions.MessageLoopAsync: NotifyDataAvailable remoteEndPoint: 127.0.0.1:50578 localEndPoint: 127.0.0.1:50576
TpTrace Verbose: 0 : 26840, 12, 2023/01/18, 09:23:20.336, 1170596083553, vstest.console.dll, TestRequestSender.OnExecutionMessageReceived: Received message: {"Version":7,"MessageType":"TestSession.Message","Payload":{"MessageLevel":0,"Message":"[xUnit.net 00:00:00.40]   Discovering: FeedbackTracker.DomainTest"}}
TpTrace Verbose: 0 : 26840, 12, 2023/01/18, 09:23:20.336, 1170596085122, vstest.console.dll, TestRunRequest:SendTestRunMessage: Starting.
TpTrace Verbose: 0 : 26840, 12, 2023/01/18, 09:23:20.336, 1170596086078, vstest.console.dll, MulticastDelegateUtilities.SafeInvoke: TestRun.LogMessages: Invoking callback 1/1 for Microsoft.VisualStudio.TestPlatform.CommandLine.TestRunResultAggregator., took 0 ms.
TpTrace Verbose: 0 : 26840, 4, 2023/01/18, 09:23:20.336, 1170596086550, vstest.console.dll, MulticastDelegateUtilities.SafeInvoke: InternalTestLoggerEvents.SendTestRunMessage: Invoking callback 1/1 for Microsoft.VisualStudio.TestPlatform.CommandLine.Internal.ConsoleLogger., took 0 ms.
TpTrace Information: 0 : 26840, 12, 2023/01/18, 09:23:20.336, 1170596086604, vstest.console.dll, TestRunRequest:SendTestRunMessage: Completed.
TpTrace Verbose: 0 : 26840, 12, 2023/01/18, 09:23:20.336, 1170596088162, vstest.console.dll, MulticastDelegateUtilities.SafeInvoke: LengthPrefixCommunicationChannel: MessageReceived: Invoking callback 1/1 for Microsoft.VisualStudio.TestPlatform.CommunicationUtilities.TestRequestSender+<>c__DisplayClass31_0., took 0 ms.
TpTrace Verbose: 0 : 26840, 12, 2023/01/18, 09:23:20.336, 1170596088931, vstest.console.dll, TcpClientExtensions.MessageLoopAsync: Polling on remoteEndPoint: 127.0.0.1:50578 localEndPoint: 127.0.0.1:50576
TpTrace Verbose: 0 : 26840, 12, 2023/01/18, 09:23:20.368, 1170596400342, vstest.console.dll, TcpClientExtensions.MessageLoopAsync: NotifyDataAvailable remoteEndPoint: 127.0.0.1:50578 localEndPoint: 127.0.0.1:50576
TpTrace Verbose: 0 : 26840, 12, 2023/01/18, 09:23:20.368, 1170596401978, vstest.console.dll, TestRequestSender.OnExecutionMessageReceived: Received message: {"Version":7,"MessageType":"TestSession.Message","Payload":{"MessageLevel":0,"Message":"[xUnit.net 00:00:00.43]   Discovered:  FeedbackTracker.DomainTest"}}
TpTrace Verbose: 0 : 26840, 12, 2023/01/18, 09:23:20.368, 1170596403151, vstest.console.dll, TestRunRequest:SendTestRunMessage: Starting.
TpTrace Verbose: 0 : 26840, 12, 2023/01/18, 09:23:20.368, 1170596403832, vstest.console.dll, MulticastDelegateUtilities.SafeInvoke: TestRun.LogMessages: Invoking callback 1/1 for Microsoft.VisualStudio.TestPlatform.CommandLine.TestRunResultAggregator., took 0 ms.
TpTrace Verbose: 0 : 26840, 4, 2023/01/18, 09:23:20.368, 1170596404130, vstest.console.dll, MulticastDelegateUtilities.SafeInvoke: InternalTestLoggerEvents.SendTestRunMessage: Invoking callback 1/1 for Microsoft.VisualStudio.TestPlatform.CommandLine.Internal.ConsoleLogger., took 0 ms.
TpTrace Information: 0 : 26840, 12, 2023/01/18, 09:23:20.368, 1170596404253, vstest.console.dll, TestRunRequest:SendTestRunMessage: Completed.
TpTrace Verbose: 0 : 26840, 12, 2023/01/18, 09:23:20.368, 1170596405431, vstest.console.dll, MulticastDelegateUtilities.SafeInvoke: LengthPrefixCommunicationChannel: MessageReceived: Invoking callback 1/1 for Microsoft.VisualStudio.TestPlatform.CommunicationUtilities.TestRequestSender+<>c__DisplayClass31_0., took 0 ms.
TpTrace Verbose: 0 : 26840, 12, 2023/01/18, 09:23:20.368, 1170596405726, vstest.console.dll, TcpClientExtensions.MessageLoopAsync: Polling on remoteEndPoint: 127.0.0.1:50578 localEndPoint: 127.0.0.1:50576
TpTrace Verbose: 0 : 26840, 12, 2023/01/18, 09:23:20.370, 1170596430042, vstest.console.dll, TcpClientExtensions.MessageLoopAsync: NotifyDataAvailable remoteEndPoint: 127.0.0.1:50578 localEndPoint: 127.0.0.1:50576
TpTrace Verbose: 0 : 26840, 12, 2023/01/18, 09:23:20.371, 1170596431267, vstest.console.dll, TestRequestSender.OnExecutionMessageReceived: Received message: {"Version":7,"MessageType":"TestSession.Message","Payload":{"MessageLevel":0,"Message":"[xUnit.net 00:00:00.43]   Starting:    FeedbackTracker.DomainTest"}}
TpTrace Verbose: 0 : 26840, 12, 2023/01/18, 09:23:20.371, 1170596432228, vstest.console.dll, TestRunRequest:SendTestRunMessage: Starting.
TpTrace Verbose: 0 : 26840, 12, 2023/01/18, 09:23:20.371, 1170596432754, vstest.console.dll, MulticastDelegateUtilities.SafeInvoke: TestRun.LogMessages: Invoking callback 1/1 for Microsoft.VisualStudio.TestPlatform.CommandLine.TestRunResultAggregator., took 0 ms.
TpTrace Verbose: 0 : 26840, 4, 2023/01/18, 09:23:20.371, 1170596432994, vstest.console.dll, MulticastDelegateUtilities.SafeInvoke: InternalTestLoggerEvents.SendTestRunMessage: Invoking callback 1/1 for Microsoft.VisualStudio.TestPlatform.CommandLine.Internal.ConsoleLogger., took 0 ms.
TpTrace Information: 0 : 26840, 12, 2023/01/18, 09:23:20.371, 1170596433198, vstest.console.dll, TestRunRequest:SendTestRunMessage: Completed.
TpTrace Verbose: 0 : 26840, 12, 2023/01/18, 09:23:20.371, 1170596434183, vstest.console.dll, MulticastDelegateUtilities.SafeInvoke: LengthPrefixCommunicationChannel: MessageReceived: Invoking callback 1/1 for Microsoft.VisualStudio.TestPlatform.CommunicationUtilities.TestRequestSender+<>c__DisplayClass31_0., took 0 ms.
TpTrace Verbose: 0 : 26840, 12, 2023/01/18, 09:23:20.371, 1170596434617, vstest.console.dll, TcpClientExtensions.MessageLoopAsync: Polling on remoteEndPoint: 127.0.0.1:50578 localEndPoint: 127.0.0.1:50576
TpTrace Verbose: 0 : 26840, 12, 2023/01/18, 09:23:20.476, 1170597486295, vstest.console.dll, TcpClientExtensions.MessageLoopAsync: NotifyDataAvailable remoteEndPoint: 127.0.0.1:50578 localEndPoint: 127.0.0.1:50576
TpTrace Verbose: 0 : 26840, 12, 2023/01/18, 09:23:20.476, 1170597487713, vstest.console.dll, TestRequestSender.OnExecutionMessageReceived: Received message: {"Version":7,"MessageType":"TestSession.Message","Payload":{"MessageLevel":0,"Message":"[xUnit.net 00:00:00.54]   Finished:    FeedbackTracker.DomainTest"}}
TpTrace Verbose: 0 : 26840, 12, 2023/01/18, 09:23:20.476, 1170597489245, vstest.console.dll, TestRunRequest:SendTestRunMessage: Starting.
TpTrace Verbose: 0 : 26840, 12, 2023/01/18, 09:23:20.476, 1170597490082, vstest.console.dll, MulticastDelegateUtilities.SafeInvoke: TestRun.LogMessages: Invoking callback 1/1 for Microsoft.VisualStudio.TestPlatform.CommandLine.TestRunResultAggregator., took 0 ms.
TpTrace Verbose: 0 : 26840, 4, 2023/01/18, 09:23:20.477, 1170597490250, vstest.console.dll, MulticastDelegateUtilities.SafeInvoke: InternalTestLoggerEvents.SendTestRunMessage: Invoking callback 1/1 for Microsoft.VisualStudio.TestPlatform.CommandLine.Internal.ConsoleLogger., took 0 ms.
TpTrace Information: 0 : 26840, 12, 2023/01/18, 09:23:20.477, 1170597490953, vstest.console.dll, TestRunRequest:SendTestRunMessage: Completed.
TpTrace Verbose: 0 : 26840, 12, 2023/01/18, 09:23:20.477, 1170597491497, vstest.console.dll, MulticastDelegateUtilities.SafeInvoke: LengthPrefixCommunicationChannel: MessageReceived: Invoking callback 1/1 for Microsoft.VisualStudio.TestPlatform.CommunicationUtilities.TestRequestSender+<>c__DisplayClass31_0., took 0 ms.
TpTrace Verbose: 0 : 26840, 12, 2023/01/18, 09:23:20.477, 1170597491952, vstest.console.dll, TcpClientExtensions.MessageLoopAsync: Polling on remoteEndPoint: 127.0.0.1:50578 localEndPoint: 127.0.0.1:50576
TpTrace Verbose: 0 : 26840, 12, 2023/01/18, 09:23:20.516, 1170597881734, vstest.console.dll, TcpClientExtensions.MessageLoopAsync: NotifyDataAvailable remoteEndPoint: 127.0.0.1:50578 localEndPoint: 127.0.0.1:50576
TpTrace Verbose: 0 : 26840, 12, 2023/01/18, 09:23:20.516, 1170597883560, vstest.console.dll, TestRequestSender.OnExecutionMessageReceived: Received message: {"Version":7,"MessageType":"TestExecution.Completed","Payload":{"TestRunCompleteArgs":{"TestRunStatistics":{"ExecutedTests":5,"Stats":{"Passed":5}},"IsCanceled":false,"IsAborted":false,"Error":null,"AttachmentSets":[],"InvokedDataCollectors":[],"ElapsedTimeInRunningTests":"00:00:00.5506107","Metrics":{},"DiscoveredExtensions":{"TestDiscoverers":["Xunit.Runner.VisualStudio.VsTestRunner, xunit.runner.visualstudio.dotnetcore.testadapter, Version=2.4.0.0, Culture=neutral, PublicKeyToken=8d05b1bb7a6fdb6c"],"TestExecutors":["executor://xunit/VsTestRunner2/netcoreapp"],"TestExecutors2":[],"TestSettingsProviders":[]}},"LastRunTests":{"NewTestResults":[{"TestCase":{"Id":"f500af57-63b7-2a4a-f929-47db8a2d5241","FullyQualifiedName":"FeedbackTracker.DomainTest.UnitTest1.Test1","DisplayName":"FeedbackTracker.DomainTest.UnitTest1.Test1","ExecutorUri":"executor://xunit/VsTestRunner2/netcoreapp","Source":"C:\\Users\\CarlosGamboa\\Development\\apps\\feedback-tracker\\FeedbackTracker.Domain\\FeedbackTracker.DomainTest\\bin\\Debug\\net7.0\\fine-code-coverage\\build-output\\FeedbackTracker.DomainTest.dll","CodeFilePath":null,"LineNumber":0,"Properties":[]},"Attachments":[],"Outcome":1,"ErrorMessage":null,"ErrorStackTrace":null,"DisplayName":"FeedbackTracker.DomainTest.UnitTest1.Test1","Messages":[],"ComputerName":"DESKTOP-PKJ7OKM","Duration":"00:00:00.0031744","StartTime":"2023-01-18T14:23:20.4440989+00:00","EndTime":"2023-01-18T14:23:20.4441204+00:00","Properties":[]},{"TestCase":{"Id":"96b88b35-672c-ba62-1cf8-27676cd6254c","FullyQualifiedName":"FeedbackTracker.DomainTest.FeedbackTest.ValidProperties","DisplayName":"FeedbackTracker.DomainTest.FeedbackTest.ValidProperties","ExecutorUri":"executor://xunit/VsTestRunner2/netcoreapp","Source":"C:\\Users\\CarlosGamboa\\Development\\apps\\feedback-tracker\\FeedbackTracker.Domain\\FeedbackTracker.DomainTest\\bin\\Debug\\net7.0\\fine-code-coverage\\build-output\\FeedbackTracker.DomainTest.dll","CodeFilePath":null,"LineNumber":0,"Properties":[]},"Attachments":[],"Outcome":1,"ErrorMessage":null,"ErrorStackTrace":null,"DisplayName":"FeedbackTracker.DomainTest.FeedbackTest.ValidProperties","Messages":[],"ComputerName":"DESKTOP-PKJ7OKM","Duration":"00:00:00.0082199","StartTime":"2023-01-18T14:23:20.4612042+00:00","EndTime":"2023-01-18T14:23:20.4612048+00:00","Properties":[]},{"TestCase":{"Id":"8d4a9093-991b-2276-1877-c35c60a3ed9f","FullyQualifiedName":"FeedbackTracker.DomainTest.FeedbackTest.givenFeedbackHasNoTextThenThrowAnException","DisplayName":"FeedbackTracker.DomainTest.FeedbackTest.givenFeedbackHasNoTextThenThrowAnException","ExecutorUri":"executor://xunit/VsTestRunner2/netcoreapp","Source":"C:\\Users\\CarlosGamboa\\Development\\apps\\feedback-tracker\\FeedbackTracker.Domain\\FeedbackTracker.DomainTest\\bin\\Debug\\net7.0\\fine-code-coverage\\build-output\\FeedbackTracker.DomainTest.dll","CodeFilePath":null,"LineNumber":0,"Properties":[]},"Attachments":[],"Outcome":1,"ErrorMessage":null,"ErrorStackTrace":null,"DisplayName":"FeedbackTracker.DomainTest.FeedbackTest.givenFeedbackHasNoTextThenThrowAnException","Messages":[],"ComputerName":"DESKTOP-PKJ7OKM","Duration":"00:00:00.0006815","StartTime":"2023-01-18T14:23:20.4649247+00:00","EndTime":"2023-01-18T14:23:20.4649248+00:00","Properties":[]},{"TestCase":{"Id":"e5bd6e47-7a19-c747-e4e6-f82cfdded6b9","FullyQualifiedName":"FeedbackTracker.DomainTest.FeedbackTest.CanCreateFeedback","DisplayName":"FeedbackTracker.DomainTest.FeedbackTest.CanCreateFeedback","ExecutorUri":"executor://xunit/VsTestRunner2/netcoreapp","Source":"C:\\Users\\CarlosGamboa\\Development\\apps\\feedback-tracker\\FeedbackTracker.Domain\\FeedbackTracker.DomainTest\\bin\\Debug\\net7.0\\fine-code-coverage\\build-output\\FeedbackTracker.DomainTest.dll","CodeFilePath":null,"LineNumber":0,"Properties":[]},"Attachments":[],"Outcome":1,"ErrorMessage":null,"ErrorStackTrace":null,"DisplayName":"FeedbackTracker.DomainTest.FeedbackTest.CanCreateFeedback","Messages":[],"ComputerName":"DESKTOP-PKJ7OKM","Duration":"00:00:00.0001051","StartTime":"2023-01-18T14:23:20.4668132+00:00","EndTime":"2023-01-18T14:23:20.4668132+00:00","Properties":[]},{"TestCase":{"Id":"47aced78-27d6-e811-d4c3-482c3debed92","FullyQualifiedName":"FeedbackTracker.DomainTest.FeedbackTest.givenFeedBackHAsNoSubjectThenThrowAnException","DisplayName":"FeedbackTracker.DomainTest.FeedbackTest.givenFeedBackHAsNoSubjectThenThrowAnException","ExecutorUri":"executor://xunit/VsTestRunner2/netcoreapp","Source":"C:\\Users\\CarlosGamboa\\Development\\apps\\feedback-tracker\\FeedbackTracker.Domain\\FeedbackTracker.DomainTest\\bin\\Debug\\net7.0\\fine-code-coverage\\build-output\\FeedbackTracker.DomainTest.dll","CodeFilePath":null,"LineNumber":0,"Properties":[]},"Attachments":[],"Outcome":1,"ErrorMessage":null,"ErrorStackTrace":null,"DisplayName":"FeedbackTracker.DomainTest.FeedbackTest.givenFeedBackHAsNoSubjectThenThrowAnException","Messages":[],"ComputerName":"DESKTOP-PKJ7OKM","Duration":"00:00:00.0002754","StartTime":"2023-01-18T14:23:20.4686404+00:00","EndTime":"2023-01-18T14:23:20.4686405+00:00","Properties":[]}],"TestRunStatistics":{"ExecutedTests":5,"Stats":{"Passed":5}},"ActiveTests":[]},"RunAttachments":[],"ExecutorUris":["executor://xunit/VsTestRunner2/netcoreapp"]}}
TpTrace Verbose: 0 : 26840, 12, 2023/01/18, 09:23:20.516, 1170597884634, vstest.console.dll, TestRequestSender.EndSession: Sending end session.
TpTrace Verbose: 0 : 26840, 12, 2023/01/18, 09:23:20.516, 1170597885935, vstest.console.dll, ProxyOperationManager.Close: waiting for test host to exit for 100 ms
TpTrace Warning: 0 : 26840, 11, 2023/01/18, 09:23:20.542, 1170598141847, vstest.console.dll, TestHostManagerCallbacks.ErrorReceivedCallback Test host standard error line: 
TpTrace Verbose: 0 : 26840, 11, 2023/01/18, 09:23:20.554, 1170598269479, vstest.console.dll, TestHostProvider.ExitCallBack: Host exited starting callback.
TpTrace Information: 0 : 26840, 11, 2023/01/18, 09:23:20.555, 1170598271048, vstest.console.dll, TestHostManagerCallbacks.ExitCallBack: Testhost processId: 7788 exited with exitcode: 0 error: ''
TpTrace Verbose: 0 : 26840, 11, 2023/01/18, 09:23:20.555, 1170598271438, vstest.console.dll, DotnetTestHostManager.OnHostExited: invoking OnHostExited callback
TpTrace Verbose: 0 : 26840, 11, 2023/01/18, 09:23:20.555, 1170598271934, vstest.console.dll, CrossPlatEngine.TestHostManagerHostExited: calling on client process exit callback.
TpTrace Information: 0 : 26840, 11, 2023/01/18, 09:23:20.555, 1170598272371, vstest.console.dll, TestRequestSender.OnClientProcessExit: Test host process exited. Standard error: 
TpTrace Information: 0 : 26840, 11, 2023/01/18, 09:23:20.555, 1170598272792, vstest.console.dll, SocketServer.Stop: Stop server endPoint: 127.0.0.1:50576
TpTrace Information: 0 : 26840, 11, 2023/01/18, 09:23:20.555, 1170598273059, vstest.console.dll, SocketServer.Stop: Cancellation requested. Stopping message loop.
TpTrace Information: 0 : 26840, 12, 2023/01/18, 09:23:20.555, 1170598273336, vstest.console.dll, SocketServer.Stop: Stop server endPoint: 127.0.0.1:50576
TpTrace Verbose: 0 : 26840, 11, 2023/01/18, 09:23:20.555, 1170598273714, vstest.console.dll, MulticastDelegateUtilities.SafeInvoke: HostProviderEvents.OnHostExited: Invoking callback 1/1 for Microsoft.VisualStudio.TestPlatform.CrossPlatEngine.Client.ProxyOperationManager., took 0 ms.
TpTrace Information: 0 : 26840, 12, 2023/01/18, 09:23:20.555, 1170598273812, vstest.console.dll, SocketServer.Stop: Cancellation requested. Stopping message loop.
TpTrace Information: 0 : 26840, 12, 2023/01/18, 09:23:20.555, 1170598274690, vstest.console.dll, Closing the connection
TpTrace Verbose: 0 : 26840, 12, 2023/01/18, 09:23:20.555, 1170598276803, vstest.console.dll, ProxyDataCollectionManager.InvokeDataCollectionServiceAction: Starting.
TpTrace Information: 0 : 26840, 12, 2023/01/18, 09:23:20.555, 1170598277216, vstest.console.dll, ProxyDataCollectionManager.AfterTestRunEnd: Get attachment set and invoked data collectors processId: 25376 port: 50573
TpTrace Verbose: 0 : 26840, 12, 2023/01/18, 09:23:20.555, 1170598277602, vstest.console.dll, DataCollectionRequestSender.SendAfterTestRunStartAndGetResult: Send AfterTestRunEnd message with isCancelled: False
TpTrace Verbose: 0 : 26840, 12, 2023/01/18, 09:23:20.563, 1170598355588, vstest.console.dll, DataCollectionRequestSender.SendAfterTestRunStartAndGetResult: Received message: (DataCollection.AfterTestRunEndResult) -> {"MessageType":"DataCollection.AfterTestRunEndResult","Payload":{"AttachmentSets":[],"InvokedDataCollectors":[{"Uri":"datacollector://Microsoft/TestPlatform/Extensions/Blame/v1","FriendlyName":"Blame","AssemblyQualifiedName":"Microsoft.TestPlatform.Extensions.BlameDataCollector.BlameCollector, Microsoft.TestPlatform.Extensions.BlameDataCollector, Version=15.0.0.0, Culture=neutral, PublicKeyToken=b03f5f7f11d50a3a","FilePath":"C:\\Program Files\\dotnet\\sdk\\7.0.100\\Extensions\\Microsoft.TestPlatform.Extensions.BlameDataCollector.dll","HasAttachmentProcessor":false}],"Metrics":{}}}
TpTrace Warning: 0 : 26840, 9, 2023/01/18, 09:23:20.569, 1170598417463, vstest.console.dll, DataCollectionLauncher.ErrorReceivedCallback datacollector standard error line: 
TpTrace Information: 0 : 26840, 12, 2023/01/18, 09:23:20.570, 1170598429077, vstest.console.dll, ProxyDataCollectionManager.InvokeDataCollectionServiceAction: Completed.
TpTrace Information: 0 : 26840, 9, 2023/01/18, 09:23:20.576, 1170598480378, vstest.console.dll, DataCollectionLauncher.ExitCallBack: Data collector exited with exitcode: 0 error: ''
TpTrace Verbose: 0 : 26840, 12, 2023/01/18, 09:23:20.629, 1170599013585, vstest.console.dll, TestRunRequest:SendTestRunStatsChange: Starting.
TpTrace Verbose: 0 : 26840, 12, 2023/01/18, 09:23:20.629, 1170599017311, vstest.console.dll, MulticastDelegateUtilities.SafeInvoke: TestRun.RunStatsChanged: Invoking callbacks was skipped because there are no subscribers.
TpTrace Information: 0 : 26840, 12, 2023/01/18, 09:23:20.629, 1170599017925, vstest.console.dll, TestRunRequest:SendTestRunStatsChange: Completed.
TpTrace Verbose: 0 : 26840, 12, 2023/01/18, 09:23:20.630, 1170599022636, vstest.console.dll, ParallelProxyExecutionManager: HandlePartialRunComplete: Total completed clients = 1, Run complete = True, Run canceled: False.
TpTrace Verbose: 0 : 26840, 4, 2023/01/18, 09:23:20.631, 1170599032779, vstest.console.dll, MulticastDelegateUtilities.SafeInvoke: InternalTestLoggerEvents.SendTestResult: Invoking callback 1/1 for Microsoft.VisualStudio.TestPlatform.CommandLine.Internal.ConsoleLogger., took 1 ms.
TpTrace Verbose: 0 : 26840, 4, 2023/01/18, 09:23:20.631, 1170599034766, vstest.console.dll, MulticastDelegateUtilities.SafeInvoke: InternalTestLoggerEvents.SendTestResult: Invoking callback 1/1 for Microsoft.VisualStudio.TestPlatform.CommandLine.Internal.ConsoleLogger., took 0 ms.
TpTrace Verbose: 0 : 26840, 4, 2023/01/18, 09:23:20.631, 1170599035284, vstest.console.dll, MulticastDelegateUtilities.SafeInvoke: InternalTestLoggerEvents.SendTestResult: Invoking callback 1/1 for Microsoft.VisualStudio.TestPlatform.CommandLine.Internal.ConsoleLogger., took 0 ms.
TpTrace Verbose: 0 : 26840, 4, 2023/01/18, 09:23:20.631, 1170599035749, vstest.console.dll, MulticastDelegateUtilities.SafeInvoke: InternalTestLoggerEvents.SendTestResult: Invoking callback 1/1 for Microsoft.VisualStudio.TestPlatform.CommandLine.Internal.ConsoleLogger., took 0 ms.
TpTrace Verbose: 0 : 26840, 4, 2023/01/18, 09:23:20.631, 1170599036073, vstest.console.dll, MulticastDelegateUtilities.SafeInvoke: InternalTestLoggerEvents.SendTestResult: Invoking callback 1/1 for Microsoft.VisualStudio.TestPlatform.CommandLine.Internal.ConsoleLogger., took 0 ms.
TpTrace Verbose: 0 : 26840, 4, 2023/01/18, 09:23:20.638, 1170599101250, vstest.console.dll, MulticastDelegateUtilities.SafeInvoke: InternalTestLoggerEvents.SendTestRunComplete: Invoking callback 1/2 for Microsoft.TestPlatform.Extensions.BlameDataCollector.BlameLogger., took 0 ms.
TpTrace Verbose: 0 : 26840, 4, 2023/01/18, 09:23:20.643, 1170599152334, vstest.console.dll, MulticastDelegateUtilities.SafeInvoke: InternalTestLoggerEvents.SendTestRunComplete: Invoking callback 2/2 for Microsoft.VisualStudio.TestPlatform.CommandLine.Internal.ConsoleLogger., took 5 ms.
TpTrace Verbose: 0 : 26840, 12, 2023/01/18, 09:23:20.643, 1170599156079, vstest.console.dll, TestRunRequest:TestRunComplete: Starting. IsAborted:False IsCanceled:False.
TpTrace Verbose: 0 : 26840, 12, 2023/01/18, 09:23:20.644, 1170599165759, vstest.console.dll, TestLoggerManager.HandleTestRunComplete: Ignoring as the object is disposed.
TpTrace Verbose: 0 : 26840, 12, 2023/01/18, 09:23:20.644, 1170599167400, vstest.console.dll, MulticastDelegateUtilities.SafeInvoke: TestRun.TestRunComplete: Invoking callback 1/2 for Microsoft.VisualStudio.TestPlatform.CommandLine.TestRunResultAggregator., took 0 ms.
TpTrace Verbose: 0 : 26840, 12, 2023/01/18, 09:23:20.644, 1170599168457, vstest.console.dll, MulticastDelegateUtilities.SafeInvoke: TestRun.TestRunComplete: Invoking callback 2/2 for Microsoft.VisualStudio.TestPlatform.CommandLine.Processors.RunTestsArgumentExecutor+TestRunRequestEventsRegistrar., took 0 ms.
TpTrace Information: 0 : 26840, 12, 2023/01/18, 09:23:20.644, 1170599169127, vstest.console.dll, TestRunRequest:TestRunComplete: Completed.
TpTrace Verbose: 0 : 26840, 12, 2023/01/18, 09:23:20.644, 1170599169421, vstest.console.dll, TestRequestSender.SetOperationComplete: Setting operation complete.
TpTrace Information: 0 : 26840, 12, 2023/01/18, 09:23:20.644, 1170599169614, vstest.console.dll, SocketServer.Stop: Stop server endPoint: 127.0.0.1:50576
TpTrace Information: 0 : 26840, 12, 2023/01/18, 09:23:20.644, 1170599169801, vstest.console.dll, SocketServer.Stop: Cancellation requested. Stopping message loop.
TpTrace Verbose: 0 : 26840, 12, 2023/01/18, 09:23:20.644, 1170599170042, vstest.console.dll, MulticastDelegateUtilities.SafeInvoke: LengthPrefixCommunicationChannel: MessageReceived: Invoking callback 1/1 for Microsoft.VisualStudio.TestPlatform.CommunicationUtilities.TestRequestSender+<>c__DisplayClass31_0., took 128 ms.
TpTrace Verbose: 0 : 26840, 1, 2023/01/18, 09:23:20.644, 1170599170049, vstest.console.dll, TestRunRequest.Dispose: Starting.
TpTrace Information: 0 : 26840, 1, 2023/01/18, 09:23:20.645, 1170599170746, vstest.console.dll, TestRunRequest.Dispose: Completed.
TpTrace Information: 0 : 26840, 12, 2023/01/18, 09:23:20.645, 1170599170318, vstest.console.dll, SocketServer.PrivateStop: Stopping server endPoint: 127.0.0.1:50576 error: 
TpTrace Information: 0 : 26840, 1, 2023/01/18, 09:23:20.645, 1170599171758, vstest.console.dll, TestRequestManager.RunTests: run tests completed.
TpTrace Information: 0 : 26840, 1, 2023/01/18, 09:23:20.645, 1170599172910, vstest.console.dll, RunTestsArgumentProcessor:Execute: Test run is completed.
TpTrace Verbose: 0 : 26840, 12, 2023/01/18, 09:23:20.645, 1170599174032, vstest.console.dll, LengthPrefixCommunicationChannel.Dispose: Dispose reader and writer.
TpTrace Information: 0 : 26840, 12, 2023/01/18, 09:23:20.645, 1170599174840, vstest.console.dll, SocketServer.Stop: Raise disconnected event endPoint: 127.0.0.1:50576 error: 
TpTrace Verbose: 0 : 26840, 12, 2023/01/18, 09:23:20.646, 1170599181518, vstest.console.dll, TestRequestSender: OnTestRunAbort: Operation is already complete. Skip error message.
TpTrace Verbose: 0 : 26840, 12, 2023/01/18, 09:23:20.646, 1170599181994, vstest.console.dll, MulticastDelegateUtilities.SafeInvoke: SocketServer: ClientDisconnected: Invoking callback 1/1 for Microsoft.VisualStudio.TestPlatform.CommunicationUtilities.TestRequestSender., took 0 ms.
TpTrace Verbose: 0 : 26840, 1, 2023/01/18, 09:23:20.646, 1170599182310, vstest.console.dll, Executor.Execute: Exiting with exit code of 0
TpTrace Verbose: 0 : 26840, 12, 2023/01/18, 09:23:20.646, 1170599182329, vstest.console.dll, TcpClientExtensions.MessageLoopAsync: exiting MessageLoopAsync remoteEndPoint: 127.0.0.1:50578 localEndPoint: 127.0.0.1:50576
